<?xml version="1.0" encoding="UTF-8"?>
<robot generator="Robot 7.5 (Python 3.14.4 on linux)" generated="2026-09-18T03:16:54.903617" rpa="false" schemaversion="5">
<suite id="s1" name="srv6 core lab" source="/home/dcantor/srv6-core/tests/suites/11_monitoring.robot">
<test id="s1-t1" name="Every VyOS node serves node-exporter and frr-exporter on its OOB address" line="15">
<for flavor="IN">
<iter>
<kw name="Http Get" owner="LabLib">
<msg time="2026-09-18T03:16:59.747282" level="INFO">${node} = # HELP go_gc_duration_seconds A summary of the wall-time pause (stop-the-world) duration in garbage collection cycles.
# TYPE go_gc_duration_seconds summary
go_gc_duration_seconds{quantile="0"} 1.8267...</msg>
<var>${node}</var>
<arg>http://${MGMT}[${n}]:9100/metrics</arg>
<doc>GET a URL; returns the parsed JSON, or the text for non-JSON answers (Prometheus exposition).</doc>
<status status="PASS" start="2026-09-18T03:16:59.700249" elapsed="0.047100"/>
</kw>
<kw name="Should Contain" owner="BuiltIn">
<arg>${node}</arg>
<arg>node_uname_info{</arg>
<arg>msg=${n}: node-exporter has no node_uname_info</arg>
<doc>Fails if the `container` does not contain the `item` one or more times.</doc>
<status status="PASS" start="2026-09-18T03:16:59.747571" elapsed="0.000765"/>
</kw>
<kw name="Http Get" owner="LabLib">
<msg time="2026-09-18T03:16:59.758071" level="INFO">${frr} = # HELP frr_bfd_peer_count Number of peers detected.
# TYPE frr_bfd_peer_count gauge
frr_bfd_peer_count 2
# HELP frr_bfd_peer_state State of the bfd peer (1 = Up, 0 = Down).
# TYPE frr_bfd_peer_state g...</msg>
<var>${frr}</var>
<arg>http://${MGMT}[${n}]:9342/metrics</arg>
<doc>GET a URL; returns the parsed JSON, or the text for non-JSON answers (Prometheus exposition).</doc>
<status status="PASS" start="2026-09-18T03:16:59.748459" elapsed="0.009668"/>
</kw>
<kw name="Should Contain" owner="BuiltIn">
<arg>${frr}</arg>
<arg>frr_route_total</arg>
<arg>msg=${n}: frr-exporter has no frr_route_total</arg>
<doc>Fails if the `container` does not contain the `item` one or more times.</doc>
<status status="PASS" start="2026-09-18T03:16:59.758334" elapsed="0.000551"/>
</kw>
<var name="${n}">pe1</var>
<status status="PASS" start="2026-09-18T03:16:59.699429" elapsed="0.059510"/>
</iter>
<iter>
<kw name="Http Get" owner="LabLib">
<msg time="2026-09-18T03:16:59.867510" level="INFO">${node} = # HELP go_gc_duration_seconds A summary of the wall-time pause (stop-the-world) duration in garbage collection cycles.
# TYPE go_gc_duration_seconds summary
go_gc_duration_seconds{quantile="0"} 1.9392...</msg>
<var>${node}</var>
<arg>http://${MGMT}[${n}]:9100/metrics</arg>
<doc>GET a URL; returns the parsed JSON, or the text for non-JSON answers (Prometheus exposition).</doc>
<status status="PASS" start="2026-09-18T03:16:59.759167" elapsed="0.108407"/>
</kw>
<kw name="Should Contain" owner="BuiltIn">
<arg>${node}</arg>
<arg>node_uname_info{</arg>
<arg>msg=${n}: node-exporter has no node_uname_info</arg>
<doc>Fails if the `container` does not contain the `item` one or more times.</doc>
<status status="PASS" start="2026-09-18T03:16:59.867920" elapsed="0.000830"/>
</kw>
<kw name="Http Get" owner="LabLib">
<msg time="2026-09-18T03:16:59.879855" level="INFO">${frr} = # HELP frr_bfd_peer_count Number of peers detected.
# TYPE frr_bfd_peer_count gauge
frr_bfd_peer_count 2
# HELP frr_bfd_peer_state State of the bfd peer (1 = Up, 0 = Down).
# TYPE frr_bfd_peer_state g...</msg>
<var>${frr}</var>
<arg>http://${MGMT}[${n}]:9342/metrics</arg>
<doc>GET a URL; returns the parsed JSON, or the text for non-JSON answers (Prometheus exposition).</doc>
<status status="PASS" start="2026-09-18T03:16:59.868931" elapsed="0.010985"/>
</kw>
<kw name="Should Contain" owner="BuiltIn">
<arg>${frr}</arg>
<arg>frr_route_total</arg>
<arg>msg=${n}: frr-exporter has no frr_route_total</arg>
<doc>Fails if the `container` does not contain the `item` one or more times.</doc>
<status status="PASS" start="2026-09-18T03:16:59.880116" elapsed="0.001043"/>
</kw>
<var name="${n}">pe2</var>
<status status="PASS" start="2026-09-18T03:16:59.759081" elapsed="0.122136"/>
</iter>
<iter>
<kw name="Http Get" owner="LabLib">
<msg time="2026-09-18T03:16:59.916385" level="INFO">${node} = # HELP go_gc_duration_seconds A summary of the wall-time pause (stop-the-world) duration in garbage collection cycles.
# TYPE go_gc_duration_seconds summary
go_gc_duration_seconds{quantile="0"} 1.5253...</msg>
<var>${node}</var>
<arg>http://${MGMT}[${n}]:9100/metrics</arg>
<doc>GET a URL; returns the parsed JSON, or the text for non-JSON answers (Prometheus exposition).</doc>
<status status="PASS" start="2026-09-18T03:16:59.881699" elapsed="0.034746"/>
</kw>
<kw name="Should Contain" owner="BuiltIn">
<arg>${node}</arg>
<arg>node_uname_info{</arg>
<arg>msg=${n}: node-exporter has no node_uname_info</arg>
<doc>Fails if the `container` does not contain the `item` one or more times.</doc>
<status status="PASS" start="2026-09-18T03:16:59.916972" elapsed="0.000976"/>
</kw>
<kw name="Http Get" owner="LabLib">
<msg time="2026-09-18T03:16:59.928330" level="INFO">${frr} = # HELP frr_bfd_peer_count Number of peers detected.
# TYPE frr_bfd_peer_count gauge
frr_bfd_peer_count 2
# HELP frr_bfd_peer_state State of the bfd peer (1 = Up, 0 = Down).
# TYPE frr_bfd_peer_state g...</msg>
<var>${frr}</var>
<arg>http://${MGMT}[${n}]:9342/metrics</arg>
<doc>GET a URL; returns the parsed JSON, or the text for non-JSON answers (Prometheus exposition).</doc>
<status status="PASS" start="2026-09-18T03:16:59.918135" elapsed="0.010255"/>
</kw>
<kw name="Should Contain" owner="BuiltIn">
<arg>${frr}</arg>
<arg>frr_route_total</arg>
<arg>msg=${n}: frr-exporter has no frr_route_total</arg>
<doc>Fails if the `container` does not contain the `item` one or more times.</doc>
<status status="PASS" start="2026-09-18T03:16:59.928634" elapsed="0.000519"/>
</kw>
<var name="${n}">pe3</var>
<status status="PASS" start="2026-09-18T03:16:59.881380" elapsed="0.047822"/>
</iter>
<iter>
<kw name="Http Get" owner="LabLib">
<msg time="2026-09-18T03:16:59.999143" level="INFO">${node} = # HELP go_gc_duration_seconds A summary of the wall-time pause (stop-the-world) duration in garbage collection cycles.
# TYPE go_gc_duration_seconds summary
go_gc_duration_seconds{quantile="0"} 2.2238...</msg>
<var>${node}</var>
<arg>http://${MGMT}[${n}]:9100/metrics</arg>
<doc>GET a URL; returns the parsed JSON, or the text for non-JSON answers (Prometheus exposition).</doc>
<status status="PASS" start="2026-09-18T03:16:59.929477" elapsed="0.069836"/>
</kw>
<kw name="Should Contain" owner="BuiltIn">
<arg>${node}</arg>
<arg>node_uname_info{</arg>
<arg>msg=${n}: node-exporter has no node_uname_info</arg>
<doc>Fails if the `container` does not contain the `item` one or more times.</doc>
<status status="PASS" start="2026-09-18T03:16:59.999528" elapsed="0.000936"/>
</kw>
<kw name="Http Get" owner="LabLib">
<msg time="2026-09-18T03:17:00.166510" level="INFO">${frr} = # HELP frr_bfd_peer_count Number of peers detected.
# TYPE frr_bfd_peer_count gauge
frr_bfd_peer_count 2
# HELP frr_bfd_peer_state State of the bfd peer (1 = Up, 0 = Down).
# TYPE frr_bfd_peer_state g...</msg>
<var>${frr}</var>
<arg>http://${MGMT}[${n}]:9342/metrics</arg>
<doc>GET a URL; returns the parsed JSON, or the text for non-JSON answers (Prometheus exposition).</doc>
<status status="PASS" start="2026-09-18T03:17:00.000659" elapsed="0.165913"/>
</kw>
<kw name="Should Contain" owner="BuiltIn">
<arg>${frr}</arg>
<arg>frr_route_total</arg>
<arg>msg=${n}: frr-exporter has no frr_route_total</arg>
<doc>Fails if the `container` does not contain the `item` one or more times.</doc>
<status status="PASS" start="2026-09-18T03:17:00.166836" elapsed="0.000587"/>
</kw>
<var name="${n}">pe4</var>
<status status="PASS" start="2026-09-18T03:16:59.929355" elapsed="0.238122"/>
</iter>
<iter>
<kw name="Http Get" owner="LabLib">
<msg time="2026-09-18T03:17:00.211918" level="INFO">${node} = # HELP go_gc_duration_seconds A summary of the wall-time pause (stop-the-world) duration in garbage collection cycles.
# TYPE go_gc_duration_seconds summary
go_gc_duration_seconds{quantile="0"} 2.7848...</msg>
<var>${node}</var>
<arg>http://${MGMT}[${n}]:9100/metrics</arg>
<doc>GET a URL; returns the parsed JSON, or the text for non-JSON answers (Prometheus exposition).</doc>
<status status="PASS" start="2026-09-18T03:17:00.167779" elapsed="0.044199"/>
</kw>
<kw name="Should Contain" owner="BuiltIn">
<arg>${node}</arg>
<arg>node_uname_info{</arg>
<arg>msg=${n}: node-exporter has no node_uname_info</arg>
<doc>Fails if the `container` does not contain the `item` one or more times.</doc>
<status status="PASS" start="2026-09-18T03:17:00.212231" elapsed="0.000522"/>
</kw>
<kw name="Http Get" owner="LabLib">
<msg time="2026-09-18T03:17:00.224244" level="INFO">${frr} = # HELP frr_bfd_peer_count Number of peers detected.
# TYPE frr_bfd_peer_count gauge
frr_bfd_peer_count 4
# HELP frr_bfd_peer_state State of the bfd peer (1 = Up, 0 = Down).
# TYPE frr_bfd_peer_state g...</msg>
<var>${frr}</var>
<arg>http://${MGMT}[${n}]:9342/metrics</arg>
<doc>GET a URL; returns the parsed JSON, or the text for non-JSON answers (Prometheus exposition).</doc>
<status status="PASS" start="2026-09-18T03:17:00.212892" elapsed="0.011404"/>
</kw>
<kw name="Should Contain" owner="BuiltIn">
<arg>${frr}</arg>
<arg>frr_route_total</arg>
<arg>msg=${n}: frr-exporter has no frr_route_total</arg>
<doc>Fails if the `container` does not contain the `item` one or more times.</doc>
<status status="PASS" start="2026-09-18T03:17:00.224508" elapsed="0.000859"/>
</kw>
<var name="${n}">p1</var>
<status status="PASS" start="2026-09-18T03:17:00.167649" elapsed="0.057783"/>
</iter>
<iter>
<kw name="Http Get" owner="LabLib">
<msg time="2026-09-18T03:17:00.258690" level="INFO">${node} = # HELP go_gc_duration_seconds A summary of the wall-time pause (stop-the-world) duration in garbage collection cycles.
# TYPE go_gc_duration_seconds summary
go_gc_duration_seconds{quantile="0"} 2.7053...</msg>
<var>${node}</var>
<arg>http://${MGMT}[${n}]:9100/metrics</arg>
<doc>GET a URL; returns the parsed JSON, or the text for non-JSON answers (Prometheus exposition).</doc>
<status status="PASS" start="2026-09-18T03:17:00.225730" elapsed="0.033016"/>
</kw>
<kw name="Should Contain" owner="BuiltIn">
<arg>${node}</arg>
<arg>node_uname_info{</arg>
<arg>msg=${n}: node-exporter has no node_uname_info</arg>
<doc>Fails if the `container` does not contain the `item` one or more times.</doc>
<status status="PASS" start="2026-09-18T03:17:00.258942" elapsed="0.000499"/>
</kw>
<kw name="Http Get" owner="LabLib">
<msg time="2026-09-18T03:17:00.266709" level="INFO">${frr} = # HELP frr_bfd_peer_count Number of peers detected.
# TYPE frr_bfd_peer_count gauge
frr_bfd_peer_count 6
# HELP frr_bfd_peer_state State of the bfd peer (1 = Up, 0 = Down).
# TYPE frr_bfd_peer_state g...</msg>
<var>${frr}</var>
<arg>http://${MGMT}[${n}]:9342/metrics</arg>
<doc>GET a URL; returns the parsed JSON, or the text for non-JSON answers (Prometheus exposition).</doc>
<status status="PASS" start="2026-09-18T03:17:00.259575" elapsed="0.007186"/>
</kw>
<kw name="Should Contain" owner="BuiltIn">
<arg>${frr}</arg>
<arg>frr_route_total</arg>
<arg>msg=${n}: frr-exporter has no frr_route_total</arg>
<doc>Fails if the `container` does not contain the `item` one or more times.</doc>
<status status="PASS" start="2026-09-18T03:17:00.266940" elapsed="0.000494"/>
</kw>
<var name="${n}">p2</var>
<status status="PASS" start="2026-09-18T03:17:00.225591" elapsed="0.041893"/>
</iter>
<iter>
<kw name="Http Get" owner="LabLib">
<msg time="2026-09-18T03:17:00.288195" level="INFO">${node} = # HELP go_gc_duration_seconds A summary of the wall-time pause (stop-the-world) duration in garbage collection cycles.
# TYPE go_gc_duration_seconds summary
go_gc_duration_seconds{quantile="0"} 2.2535...</msg>
<var>${node}</var>
<arg>http://${MGMT}[${n}]:9100/metrics</arg>
<doc>GET a URL; returns the parsed JSON, or the text for non-JSON answers (Prometheus exposition).</doc>
<status status="PASS" start="2026-09-18T03:17:00.267732" elapsed="0.020517"/>
</kw>
<kw name="Should Contain" owner="BuiltIn">
<arg>${node}</arg>
<arg>node_uname_info{</arg>
<arg>msg=${n}: node-exporter has no node_uname_info</arg>
<doc>Fails if the `container` does not contain the `item` one or more times.</doc>
<status status="PASS" start="2026-09-18T03:17:00.288441" elapsed="0.000504"/>
</kw>
<kw name="Http Get" owner="LabLib">
<msg time="2026-09-18T03:17:00.295141" level="INFO">${frr} = # HELP frr_bfd_peer_count Number of peers detected.
# TYPE frr_bfd_peer_count gauge
frr_bfd_peer_count 4
# HELP frr_bfd_peer_state State of the bfd peer (1 = Up, 0 = Down).
# TYPE frr_bfd_peer_state g...</msg>
<var>${frr}</var>
<arg>http://${MGMT}[${n}]:9342/metrics</arg>
<doc>GET a URL; returns the parsed JSON, or the text for non-JSON answers (Prometheus exposition).</doc>
<status status="PASS" start="2026-09-18T03:17:00.289084" elapsed="0.006112"/>
</kw>
<kw name="Should Contain" owner="BuiltIn">
<arg>${frr}</arg>
<arg>frr_route_total</arg>
<arg>msg=${n}: frr-exporter has no frr_route_total</arg>
<doc>Fails if the `container` does not contain the `item` one or more times.</doc>
<status status="PASS" start="2026-09-18T03:17:00.295385" elapsed="0.000492"/>
</kw>
<var name="${n}">p3</var>
<status status="PASS" start="2026-09-18T03:17:00.267613" elapsed="0.028300"/>
</iter>
<iter>
<kw name="Http Get" owner="LabLib">
<msg time="2026-09-18T03:17:00.338011" level="INFO">${node} = # HELP go_gc_duration_seconds A summary of the wall-time pause (stop-the-world) duration in garbage collection cycles.
# TYPE go_gc_duration_seconds summary
go_gc_duration_seconds{quantile="0"} 1.6077...</msg>
<var>${node}</var>
<arg>http://${MGMT}[${n}]:9100/metrics</arg>
<doc>GET a URL; returns the parsed JSON, or the text for non-JSON answers (Prometheus exposition).</doc>
<status status="PASS" start="2026-09-18T03:17:00.296108" elapsed="0.041953"/>
</kw>
<kw name="Should Contain" owner="BuiltIn">
<arg>${node}</arg>
<arg>node_uname_info{</arg>
<arg>msg=${n}: node-exporter has no node_uname_info</arg>
<doc>Fails if the `container` does not contain the `item` one or more times.</doc>
<status status="PASS" start="2026-09-18T03:17:00.338329" elapsed="0.000534"/>
</kw>
<kw name="Http Get" owner="LabLib">
<msg time="2026-09-18T03:17:00.346116" level="INFO">${frr} = # HELP frr_bfd_peer_count Number of peers detected.
# TYPE frr_bfd_peer_count gauge
frr_bfd_peer_count 0
# HELP frr_bgp_peer_groups_count_total Number of peer groups configured.
# TYPE frr_bgp_peer_gr...</msg>
<var>${frr}</var>
<arg>http://${MGMT}[${n}]:9342/metrics</arg>
<doc>GET a URL; returns the parsed JSON, or the text for non-JSON answers (Prometheus exposition).</doc>
<status status="PASS" start="2026-09-18T03:17:00.338995" elapsed="0.007167"/>
</kw>
<kw name="Should Contain" owner="BuiltIn">
<arg>${frr}</arg>
<arg>frr_route_total</arg>
<arg>msg=${n}: frr-exporter has no frr_route_total</arg>
<doc>Fails if the `container` does not contain the `item` one or more times.</doc>
<status status="PASS" start="2026-09-18T03:17:00.346331" elapsed="0.000430"/>
</kw>
<var name="${n}">ce1</var>
<status status="PASS" start="2026-09-18T03:17:00.296027" elapsed="0.050778"/>
</iter>
<iter>
<kw name="Http Get" owner="LabLib">
<msg time="2026-09-18T03:17:00.393056" level="INFO">${node} = # HELP go_gc_duration_seconds A summary of the wall-time pause (stop-the-world) duration in garbage collection cycles.
# TYPE go_gc_duration_seconds summary
go_gc_duration_seconds{quantile="0"} 1.8933...</msg>
<var>${node}</var>
<arg>http://${MGMT}[${n}]:9100/metrics</arg>
<doc>GET a URL; returns the parsed JSON, or the text for non-JSON answers (Prometheus exposition).</doc>
<status status="PASS" start="2026-09-18T03:17:00.347018" elapsed="0.046084"/>
</kw>
<kw name="Should Contain" owner="BuiltIn">
<arg>${node}</arg>
<arg>node_uname_info{</arg>
<arg>msg=${n}: node-exporter has no node_uname_info</arg>
<doc>Fails if the `container` does not contain the `item` one or more times.</doc>
<status status="PASS" start="2026-09-18T03:17:00.393306" elapsed="0.000510"/>
</kw>
<kw name="Http Get" owner="LabLib">
<msg time="2026-09-18T03:17:00.406845" level="INFO">${frr} = # HELP frr_bfd_peer_count Number of peers detected.
# TYPE frr_bfd_peer_count gauge
frr_bfd_peer_count 0
# HELP frr_bgp_peer_groups_count_total Number of peer groups configured.
# TYPE frr_bgp_peer_gr...</msg>
<var>${frr}</var>
<arg>http://${MGMT}[${n}]:9342/metrics</arg>
<doc>GET a URL; returns the parsed JSON, or the text for non-JSON answers (Prometheus exposition).</doc>
<status status="PASS" start="2026-09-18T03:17:00.393924" elapsed="0.012991"/>
</kw>
<kw name="Should Contain" owner="BuiltIn">
<arg>${frr}</arg>
<arg>frr_route_total</arg>
<arg>msg=${n}: frr-exporter has no frr_route_total</arg>
<doc>Fails if the `container` does not contain the `item` one or more times.</doc>
<status status="PASS" start="2026-09-18T03:17:00.407184" elapsed="0.000481"/>
</kw>
<var name="${n}">ce2</var>
<status status="PASS" start="2026-09-18T03:17:00.346926" elapsed="0.060977"/>
</iter>
<iter>
<kw name="Http Get" owner="LabLib">
<msg time="2026-09-18T03:17:00.430989" level="INFO">${node} = # HELP go_gc_duration_seconds A summary of the wall-time pause (stop-the-world) duration in garbage collection cycles.
# TYPE go_gc_duration_seconds summary
go_gc_duration_seconds{quantile="0"} 1.6318...</msg>
<var>${node}</var>
<arg>http://${MGMT}[${n}]:9100/metrics</arg>
<doc>GET a URL; returns the parsed JSON, or the text for non-JSON answers (Prometheus exposition).</doc>
<status status="PASS" start="2026-09-18T03:17:00.408151" elapsed="0.022889"/>
</kw>
<kw name="Should Contain" owner="BuiltIn">
<arg>${node}</arg>
<arg>node_uname_info{</arg>
<arg>msg=${n}: node-exporter has no node_uname_info</arg>
<doc>Fails if the `container` does not contain the `item` one or more times.</doc>
<status status="PASS" start="2026-09-18T03:17:00.431223" elapsed="0.000546"/>
</kw>
<kw name="Http Get" owner="LabLib">
<msg time="2026-09-18T03:17:00.438117" level="INFO">${frr} = # HELP frr_bfd_peer_count Number of peers detected.
# TYPE frr_bfd_peer_count gauge
frr_bfd_peer_count 0
# HELP frr_bgp_peer_groups_count_total Number of peer groups configured.
# TYPE frr_bgp_peer_gr...</msg>
<var>${frr}</var>
<arg>http://${MGMT}[${n}]:9342/metrics</arg>
<doc>GET a URL; returns the parsed JSON, or the text for non-JSON answers (Prometheus exposition).</doc>
<status status="PASS" start="2026-09-18T03:17:00.431906" elapsed="0.006259"/>
</kw>
<kw name="Should Contain" owner="BuiltIn">
<arg>${frr}</arg>
<arg>frr_route_total</arg>
<arg>msg=${n}: frr-exporter has no frr_route_total</arg>
<doc>Fails if the `container` does not contain the `item` one or more times.</doc>
<status status="PASS" start="2026-09-18T03:17:00.438345" elapsed="0.000463"/>
</kw>
<var name="${n}">ce3</var>
<status status="PASS" start="2026-09-18T03:17:00.408045" elapsed="0.030808"/>
</iter>
<iter>
<kw name="Http Get" owner="LabLib">
<msg time="2026-09-18T03:17:00.462498" level="INFO">${node} = # HELP go_gc_duration_seconds A summary of the wall-time pause (stop-the-world) duration in garbage collection cycles.
# TYPE go_gc_duration_seconds summary
go_gc_duration_seconds{quantile="0"} 1.958e...</msg>
<var>${node}</var>
<arg>http://${MGMT}[${n}]:9100/metrics</arg>
<doc>GET a URL; returns the parsed JSON, or the text for non-JSON answers (Prometheus exposition).</doc>
<status status="PASS" start="2026-09-18T03:17:00.439063" elapsed="0.023485"/>
</kw>
<kw name="Should Contain" owner="BuiltIn">
<arg>${node}</arg>
<arg>node_uname_info{</arg>
<arg>msg=${n}: node-exporter has no node_uname_info</arg>
<doc>Fails if the `container` does not contain the `item` one or more times.</doc>
<status status="PASS" start="2026-09-18T03:17:00.462743" elapsed="0.000478"/>
</kw>
<kw name="Http Get" owner="LabLib">
<msg time="2026-09-18T03:17:00.469303" level="INFO">${frr} = # HELP frr_bfd_peer_count Number of peers detected.
# TYPE frr_bfd_peer_count gauge
frr_bfd_peer_count 0
# HELP frr_bgp_peer_groups_count_total Number of peer groups configured.
# TYPE frr_bgp_peer_gr...</msg>
<var>${frr}</var>
<arg>http://${MGMT}[${n}]:9342/metrics</arg>
<doc>GET a URL; returns the parsed JSON, or the text for non-JSON answers (Prometheus exposition).</doc>
<status status="PASS" start="2026-09-18T03:17:00.463348" elapsed="0.006003"/>
</kw>
<kw name="Should Contain" owner="BuiltIn">
<arg>${frr}</arg>
<arg>frr_route_total</arg>
<arg>msg=${n}: frr-exporter has no frr_route_total</arg>
<doc>Fails if the `container` does not contain the `item` one or more times.</doc>
<status status="PASS" start="2026-09-18T03:17:00.469525" elapsed="0.000460"/>
</kw>
<var name="${n}">ce4</var>
<status status="PASS" start="2026-09-18T03:17:00.438966" elapsed="0.031064"/>
</iter>
<var>${n}</var>
<value>@{VYOS}</value>
<status status="PASS" start="2026-09-18T03:16:59.699167" elapsed="0.770901"/>
</for>
<status status="PASS" start="2026-09-18T03:16:59.698736" elapsed="0.771470"/>
</test>
<test id="s1-t2" name="The frr-exporter reports every BGP session of every PE as Established" line="23">
<for flavor="IN">
<iter>
<kw name="Http Get" owner="LabLib">
<msg time="2026-09-18T03:17:00.488287" level="INFO">${text} = # HELP frr_bfd_peer_count Number of peers detected.
# TYPE frr_bfd_peer_count gauge
frr_bfd_peer_count 2
# HELP frr_bfd_peer_state State of the bfd peer (1 = Up, 0 = Down).
# TYPE frr_bfd_peer_state g...</msg>
<var>${text}</var>
<arg>http://${MGMT}[${pe}]:9342/metrics</arg>
<doc>GET a URL; returns the parsed JSON, or the text for non-JSON answers (Prometheus exposition).</doc>
<status status="PASS" start="2026-09-18T03:17:00.470995" elapsed="0.017342"/>
</kw>
<kw name="Metric Samples" owner="LabLib">
<msg time="2026-09-18T03:17:00.489083" level="INFO">${peers} = [{'labels': {'afi': 'ipv4', 'local_as': '65000', 'peer': '172.16.1.2', 'peer_as': '65001', 'safi': 'unicast', 'vrf': 'tenant-a'}, 'value': 1.0}, {'labels': {'afi': 'ipv4', 'local_as': '65000', 'peer':...</msg>
<var>${peers}</var>
<arg>${text}</arg>
<arg>frr_bgp_peer_state</arg>
<doc>Parse the samples of one metric from Prometheus text exposition: [{labels, value}].</doc>
<status status="PASS" start="2026-09-18T03:17:00.488494" elapsed="0.000621"/>
</kw>
<kw name="Evaluate" owner="BuiltIn">
<msg time="2026-09-18T03:17:00.490000" level="INFO">${expected} = 5</msg>
<var>${expected}</var>
<arg>len($RRS) + len($TENANTS) + len([s for s in $EXT_SITES.values() if s["pe"] == "${pe}"])</arg>
<doc>Evaluates the given expression in Python and returns the result.</doc>
<status status="PASS" start="2026-09-18T03:17:00.489266" elapsed="0.000766"/>
</kw>
<kw name="Length Should Be" owner="BuiltIn">
<msg time="2026-09-18T03:17:00.490521" level="INFO">Length is 5.</msg>
<arg>${peers}</arg>
<arg>${expected}</arg>
<arg>msg=${pe}: expected ${expected} BGP peers in frr_bgp_peer_state</arg>
<doc>Verifies that the length of the given item is correct.</doc>
<status status="PASS" start="2026-09-18T03:17:00.490153" elapsed="0.000426"/>
</kw>
<for flavor="IN">
<iter>
<kw name="Should Be Equal As Numbers" owner="BuiltIn">
<msg time="2026-09-18T03:17:00.491649" level="INFO">Argument types are:
&lt;class 'float'&gt;
&lt;class 'str'&gt;</msg>
<arg>${p}[value]</arg>
<arg>1</arg>
<arg>msg=${pe}: peer ${p}[labels][peer] (${p}[labels][vrf]) is not Established</arg>
<doc>Fails if objects are unequal after converting them to real numbers.</doc>
<status status="PASS" start="2026-09-18T03:17:00.491191" elapsed="0.000531"/>
</kw>
<var name="${p}">{'labels': {'afi': 'ipv4', 'local_as': '65000', 'peer': '172.16.1.2', 'peer_as': '65001', 'safi': 'unicast', 'vrf': 'tenant-a'}, 'value': 1.0}</var>
<status status="PASS" start="2026-09-18T03:17:00.491065" elapsed="0.000695"/>
</iter>
<iter>
<kw name="Should Be Equal As Numbers" owner="BuiltIn">
<msg time="2026-09-18T03:17:00.492406" level="INFO">Argument types are:
&lt;class 'float'&gt;
&lt;class 'str'&gt;</msg>
<arg>${p}[value]</arg>
<arg>1</arg>
<arg>msg=${pe}: peer ${p}[labels][peer] (${p}[labels][vrf]) is not Established</arg>
<doc>Fails if objects are unequal after converting them to real numbers.</doc>
<status status="PASS" start="2026-09-18T03:17:00.491983" elapsed="0.000488"/>
</kw>
<var name="${p}">{'labels': {'afi': 'ipv4', 'local_as': '65000', 'peer': '172.18.1.2', 'peer_as': '65001', 'safi': 'unicast', 'vrf': 'tenant-b'}, 'value': 1.0}</var>
<status status="PASS" start="2026-09-18T03:17:00.491861" elapsed="0.000647"/>
</iter>
<iter>
<kw name="Should Be Equal As Numbers" owner="BuiltIn">
<msg time="2026-09-18T03:17:00.493076" level="INFO">Argument types are:
&lt;class 'float'&gt;
&lt;class 'str'&gt;</msg>
<arg>${p}[value]</arg>
<arg>1</arg>
<arg>msg=${pe}: peer ${p}[labels][peer] (${p}[labels][vrf]) is not Established</arg>
<doc>Fails if objects are unequal after converting them to real numbers.</doc>
<status status="PASS" start="2026-09-18T03:17:00.492729" elapsed="0.000430"/>
</kw>
<var name="${p}">{'labels': {'afi': 'ipv4', 'local_as': '65000', 'peer': '172.19.1.1', 'peer_as': '65200', 'safi': 'unicast', 'vrf': 'tenant-a'}, 'value': 1.0}</var>
<status status="PASS" start="2026-09-18T03:17:00.492611" elapsed="0.000592"/>
</iter>
<iter>
<kw name="Should Be Equal As Numbers" owner="BuiltIn">
<msg time="2026-09-18T03:17:00.493751" level="INFO">Argument types are:
&lt;class 'float'&gt;
&lt;class 'str'&gt;</msg>
<arg>${p}[value]</arg>
<arg>1</arg>
<arg>msg=${pe}: peer ${p}[labels][peer] (${p}[labels][vrf]) is not Established</arg>
<doc>Fails if objects are unequal after converting them to real numbers.</doc>
<status status="PASS" start="2026-09-18T03:17:00.493417" elapsed="0.000385"/>
</kw>
<var name="${p}">{'labels': {'afi': 'ipv4', 'local_as': '65000', 'peer': 'fd00:a::11', 'peer_as': '65000', 'safi': 'vpn', 'vrf': 'default'}, 'value': 1.0}</var>
<status status="PASS" start="2026-09-18T03:17:00.493300" elapsed="0.000538"/>
</iter>
<iter>
<kw name="Should Be Equal As Numbers" owner="BuiltIn">
<msg time="2026-09-18T03:17:00.494254" level="INFO">Argument types are:
&lt;class 'float'&gt;
&lt;class 'str'&gt;</msg>
<arg>${p}[value]</arg>
<arg>1</arg>
<arg>msg=${pe}: peer ${p}[labels][peer] (${p}[labels][vrf]) is not Established</arg>
<doc>Fails if objects are unequal after converting them to real numbers.</doc>
<status status="PASS" start="2026-09-18T03:17:00.494000" elapsed="0.000294"/>
</kw>
<var name="${p}">{'labels': {'afi': 'ipv4', 'local_as': '65000', 'peer': 'fd00:a::13', 'peer_as': '65000', 'safi': 'vpn', 'vrf': 'default'}, 'value': 1.0}</var>
<status status="PASS" start="2026-09-18T03:17:00.493917" elapsed="0.000404"/>
</iter>
<var>${p}</var>
<value>@{peers}</value>
<status status="PASS" start="2026-09-18T03:17:00.490832" elapsed="0.003511"/>
</for>
<var name="${pe}">pe1</var>
<status status="PASS" start="2026-09-18T03:17:00.470899" elapsed="0.023471"/>
</iter>
<iter>
<kw name="Http Get" owner="LabLib">
<msg time="2026-09-18T03:17:00.504481" level="INFO">${text} = # HELP frr_bfd_peer_count Number of peers detected.
# TYPE frr_bfd_peer_count gauge
frr_bfd_peer_count 2
# HELP frr_bfd_peer_state State of the bfd peer (1 = Up, 0 = Down).
# TYPE frr_bfd_peer_state g...</msg>
<var>${text}</var>
<arg>http://${MGMT}[${pe}]:9342/metrics</arg>
<doc>GET a URL; returns the parsed JSON, or the text for non-JSON answers (Prometheus exposition).</doc>
<status status="PASS" start="2026-09-18T03:17:00.494530" elapsed="0.010004"/>
</kw>
<kw name="Metric Samples" owner="LabLib">
<msg time="2026-09-18T03:17:00.505088" level="INFO">${peers} = [{'labels': {'afi': 'ipv4', 'local_as': '65000', 'peer': '172.16.2.2', 'peer_as': '65002', 'safi': 'unicast', 'vrf': 'tenant-a'}, 'value': 1.0}, {'labels': {'afi': 'ipv4', 'local_as': '65000', 'peer':...</msg>
<var>${peers}</var>
<arg>${text}</arg>
<arg>frr_bgp_peer_state</arg>
<doc>Parse the samples of one metric from Prometheus text exposition: [{labels, value}].</doc>
<status status="PASS" start="2026-09-18T03:17:00.504705" elapsed="0.000415"/>
</kw>
<kw name="Evaluate" owner="BuiltIn">
<msg time="2026-09-18T03:17:00.506325" level="INFO">${expected} = 5</msg>
<var>${expected}</var>
<arg>len($RRS) + len($TENANTS) + len([s for s in $EXT_SITES.values() if s["pe"] == "${pe}"])</arg>
<doc>Evaluates the given expression in Python and returns the result.</doc>
<status status="PASS" start="2026-09-18T03:17:00.505577" elapsed="0.000779"/>
</kw>
<kw name="Length Should Be" owner="BuiltIn">
<msg time="2026-09-18T03:17:00.506881" level="INFO">Length is 5.</msg>
<arg>${peers}</arg>
<arg>${expected}</arg>
<arg>msg=${pe}: expected ${expected} BGP peers in frr_bgp_peer_state</arg>
<doc>Verifies that the length of the given item is correct.</doc>
<status status="PASS" start="2026-09-18T03:17:00.506465" elapsed="0.000472"/>
</kw>
<for flavor="IN">
<iter>
<kw name="Should Be Equal As Numbers" owner="BuiltIn">
<msg time="2026-09-18T03:17:00.507593" level="INFO">Argument types are:
&lt;class 'float'&gt;
&lt;class 'str'&gt;</msg>
<arg>${p}[value]</arg>
<arg>1</arg>
<arg>msg=${pe}: peer ${p}[labels][peer] (${p}[labels][vrf]) is not Established</arg>
<doc>Fails if objects are unequal after converting them to real numbers.</doc>
<status status="PASS" start="2026-09-18T03:17:00.507260" elapsed="0.000408"/>
</kw>
<var name="${p}">{'labels': {'afi': 'ipv4', 'local_as': '65000', 'peer': '172.16.2.2', 'peer_as': '65002', 'safi': 'unicast', 'vrf': 'tenant-a'}, 'value': 1.0}</var>
<status status="PASS" start="2026-09-18T03:17:00.507139" elapsed="0.000569"/>
</iter>
<iter>
<kw name="Should Be Equal As Numbers" owner="BuiltIn">
<msg time="2026-09-18T03:17:00.508231" level="INFO">Argument types are:
&lt;class 'float'&gt;
&lt;class 'str'&gt;</msg>
<arg>${p}[value]</arg>
<arg>1</arg>
<arg>msg=${pe}: peer ${p}[labels][peer] (${p}[labels][vrf]) is not Established</arg>
<doc>Fails if objects are unequal after converting them to real numbers.</doc>
<status status="PASS" start="2026-09-18T03:17:00.507903" elapsed="0.000383"/>
</kw>
<var name="${p}">{'labels': {'afi': 'ipv4', 'local_as': '65000', 'peer': '172.18.2.2', 'peer_as': '65002', 'safi': 'unicast', 'vrf': 'tenant-b'}, 'value': 1.0}</var>
<status status="PASS" start="2026-09-18T03:17:00.507797" elapsed="0.000527"/>
</iter>
<iter>
<kw name="Should Be Equal As Numbers" owner="BuiltIn">
<msg time="2026-09-18T03:17:00.508851" level="INFO">Argument types are:
&lt;class 'float'&gt;
&lt;class 'str'&gt;</msg>
<arg>${p}[value]</arg>
<arg>1</arg>
<arg>msg=${pe}: peer ${p}[labels][peer] (${p}[labels][vrf]) is not Established</arg>
<doc>Fails if objects are unequal after converting them to real numbers.</doc>
<status status="PASS" start="2026-09-18T03:17:00.508512" elapsed="0.000401"/>
</kw>
<var name="${p}">{'labels': {'afi': 'ipv4', 'local_as': '65000', 'peer': '172.19.2.1', 'peer_as': '65204', 'safi': 'unicast', 'vrf': 'tenant-a'}, 'value': 1.0}</var>
<status status="PASS" start="2026-09-18T03:17:00.508405" elapsed="0.000550"/>
</iter>
<iter>
<kw name="Should Be Equal As Numbers" owner="BuiltIn">
<msg time="2026-09-18T03:17:00.509445" level="INFO">Argument types are:
&lt;class 'float'&gt;
&lt;class 'str'&gt;</msg>
<arg>${p}[value]</arg>
<arg>1</arg>
<arg>msg=${pe}: peer ${p}[labels][peer] (${p}[labels][vrf]) is not Established</arg>
<doc>Fails if objects are unequal after converting them to real numbers.</doc>
<status status="PASS" start="2026-09-18T03:17:00.509150" elapsed="0.000354"/>
</kw>
<var name="${p}">{'labels': {'afi': 'ipv4', 'local_as': '65000', 'peer': 'fd00:a::11', 'peer_as': '65000', 'safi': 'vpn', 'vrf': 'default'}, 'value': 1.0}</var>
<status status="PASS" start="2026-09-18T03:17:00.509045" elapsed="0.000501"/>
</iter>
<iter>
<kw name="Should Be Equal As Numbers" owner="BuiltIn">
<msg time="2026-09-18T03:17:00.510086" level="INFO">Argument types are:
&lt;class 'float'&gt;
&lt;class 'str'&gt;</msg>
<arg>${p}[value]</arg>
<arg>1</arg>
<arg>msg=${pe}: peer ${p}[labels][peer] (${p}[labels][vrf]) is not Established</arg>
<doc>Fails if objects are unequal after converting them to real numbers.</doc>
<status status="PASS" start="2026-09-18T03:17:00.509756" elapsed="0.000383"/>
</kw>
<var name="${p}">{'labels': {'afi': 'ipv4', 'local_as': '65000', 'peer': 'fd00:a::13', 'peer_as': '65000', 'safi': 'vpn', 'vrf': 'default'}, 'value': 1.0}</var>
<status status="PASS" start="2026-09-18T03:17:00.509646" elapsed="0.000533"/>
</iter>
<var>${p}</var>
<value>@{peers}</value>
<status status="PASS" start="2026-09-18T03:17:00.507002" elapsed="0.003212"/>
</for>
<var name="${pe}">pe2</var>
<status status="PASS" start="2026-09-18T03:17:00.494457" elapsed="0.015792"/>
</iter>
<iter>
<kw name="Http Get" owner="LabLib">
<msg time="2026-09-18T03:17:00.570270" level="INFO">${text} = # HELP frr_bfd_peer_count Number of peers detected.
# TYPE frr_bfd_peer_count gauge
frr_bfd_peer_count 2
# HELP frr_bfd_peer_state State of the bfd peer (1 = Up, 0 = Down).
# TYPE frr_bfd_peer_state g...</msg>
<var>${text}</var>
<arg>http://${MGMT}[${pe}]:9342/metrics</arg>
<doc>GET a URL; returns the parsed JSON, or the text for non-JSON answers (Prometheus exposition).</doc>
<status status="PASS" start="2026-09-18T03:17:00.510449" elapsed="0.059911"/>
</kw>
<kw name="Metric Samples" owner="LabLib">
<msg time="2026-09-18T03:17:00.571070" level="INFO">${peers} = [{'labels': {'afi': 'ipv4', 'local_as': '65000', 'peer': '172.16.3.2', 'peer_as': '65003', 'safi': 'unicast', 'vrf': 'tenant-a'}, 'value': 1.0}, {'labels': {'afi': 'ipv4', 'local_as': '65000', 'peer':...</msg>
<var>${peers}</var>
<arg>${text}</arg>
<arg>frr_bgp_peer_state</arg>
<doc>Parse the samples of one metric from Prometheus text exposition: [{labels, value}].</doc>
<status status="PASS" start="2026-09-18T03:17:00.570551" elapsed="0.000552"/>
</kw>
<kw name="Evaluate" owner="BuiltIn">
<msg time="2026-09-18T03:17:00.572063" level="INFO">${expected} = 5</msg>
<var>${expected}</var>
<arg>len($RRS) + len($TENANTS) + len([s for s in $EXT_SITES.values() if s["pe"] == "${pe}"])</arg>
<doc>Evaluates the given expression in Python and returns the result.</doc>
<status status="PASS" start="2026-09-18T03:17:00.571258" elapsed="0.000843"/>
</kw>
<kw name="Length Should Be" owner="BuiltIn">
<msg time="2026-09-18T03:17:00.572898" level="INFO">Length is 5.</msg>
<arg>${peers}</arg>
<arg>${expected}</arg>
<arg>msg=${pe}: expected ${expected} BGP peers in frr_bgp_peer_state</arg>
<doc>Verifies that the length of the given item is correct.</doc>
<status status="PASS" start="2026-09-18T03:17:00.572242" elapsed="0.000719"/>
</kw>
<for flavor="IN">
<iter>
<kw name="Should Be Equal As Numbers" owner="BuiltIn">
<msg time="2026-09-18T03:17:00.573880" level="INFO">Argument types are:
&lt;class 'float'&gt;
&lt;class 'str'&gt;</msg>
<arg>${p}[value]</arg>
<arg>1</arg>
<arg>msg=${pe}: peer ${p}[labels][peer] (${p}[labels][vrf]) is not Established</arg>
<doc>Fails if objects are unequal after converting them to real numbers.</doc>
<status status="PASS" start="2026-09-18T03:17:00.573358" elapsed="0.000599"/>
</kw>
<var name="${p}">{'labels': {'afi': 'ipv4', 'local_as': '65000', 'peer': '172.16.3.2', 'peer_as': '65003', 'safi': 'unicast', 'vrf': 'tenant-a'}, 'value': 1.0}</var>
<status status="PASS" start="2026-09-18T03:17:00.573212" elapsed="0.000797"/>
</iter>
<iter>
<kw name="Should Be Equal As Numbers" owner="BuiltIn">
<msg time="2026-09-18T03:17:00.574837" level="INFO">Argument types are:
&lt;class 'float'&gt;
&lt;class 'str'&gt;</msg>
<arg>${p}[value]</arg>
<arg>1</arg>
<arg>msg=${pe}: peer ${p}[labels][peer] (${p}[labels][vrf]) is not Established</arg>
<doc>Fails if objects are unequal after converting them to real numbers.</doc>
<status status="PASS" start="2026-09-18T03:17:00.574256" elapsed="0.000654"/>
</kw>
<var name="${p}">{'labels': {'afi': 'ipv4', 'local_as': '65000', 'peer': '172.18.3.2', 'peer_as': '65003', 'safi': 'unicast', 'vrf': 'tenant-b'}, 'value': 1.0}</var>
<status status="PASS" start="2026-09-18T03:17:00.574121" elapsed="0.000840"/>
</iter>
<iter>
<kw name="Should Be Equal As Numbers" owner="BuiltIn">
<msg time="2026-09-18T03:17:00.575808" level="INFO">Argument types are:
&lt;class 'float'&gt;
&lt;class 'str'&gt;</msg>
<arg>${p}[value]</arg>
<arg>1</arg>
<arg>msg=${pe}: peer ${p}[labels][peer] (${p}[labels][vrf]) is not Established</arg>
<doc>Fails if objects are unequal after converting them to real numbers.</doc>
<status status="PASS" start="2026-09-18T03:17:00.575299" elapsed="0.000582"/>
</kw>
<var name="${p}">{'labels': {'afi': 'ipv4', 'local_as': '65000', 'peer': '172.19.3.1', 'peer_as': '65206', 'safi': 'unicast', 'vrf': 'tenant-a'}, 'value': 1.0}</var>
<status status="PASS" start="2026-09-18T03:17:00.575167" elapsed="0.000762"/>
</iter>
<iter>
<kw name="Should Be Equal As Numbers" owner="BuiltIn">
<msg time="2026-09-18T03:17:00.576571" level="INFO">Argument types are:
&lt;class 'float'&gt;
&lt;class 'str'&gt;</msg>
<arg>${p}[value]</arg>
<arg>1</arg>
<arg>msg=${pe}: peer ${p}[labels][peer] (${p}[labels][vrf]) is not Established</arg>
<doc>Fails if objects are unequal after converting them to real numbers.</doc>
<status status="PASS" start="2026-09-18T03:17:00.576170" elapsed="0.000577"/>
</kw>
<var name="${p}">{'labels': {'afi': 'ipv4', 'local_as': '65000', 'peer': 'fd00:a::11', 'peer_as': '65000', 'safi': 'vpn', 'vrf': 'default'}, 'value': 1.0}</var>
<status status="PASS" start="2026-09-18T03:17:00.576042" elapsed="0.000752"/>
</iter>
<iter>
<kw name="Should Be Equal As Numbers" owner="BuiltIn">
<msg time="2026-09-18T03:17:00.577431" level="INFO">Argument types are:
&lt;class 'float'&gt;
&lt;class 'str'&gt;</msg>
<arg>${p}[value]</arg>
<arg>1</arg>
<arg>msg=${pe}: peer ${p}[labels][peer] (${p}[labels][vrf]) is not Established</arg>
<doc>Fails if objects are unequal after converting them to real numbers.</doc>
<status status="PASS" start="2026-09-18T03:17:00.577031" elapsed="0.000471"/>
</kw>
<var name="${p}">{'labels': {'afi': 'ipv4', 'local_as': '65000', 'peer': 'fd00:a::13', 'peer_as': '65000', 'safi': 'vpn', 'vrf': 'default'}, 'value': 1.0}</var>
<status status="PASS" start="2026-09-18T03:17:00.576898" elapsed="0.000652"/>
</iter>
<var>${p}</var>
<value>@{peers}</value>
<status status="PASS" start="2026-09-18T03:17:00.573049" elapsed="0.004543"/>
</for>
<var name="${pe}">pe3</var>
<status status="PASS" start="2026-09-18T03:17:00.510374" elapsed="0.067276"/>
</iter>
<iter>
<kw name="Http Get" owner="LabLib">
<msg time="2026-09-18T03:17:00.590349" level="INFO">${text} = # HELP frr_bfd_peer_count Number of peers detected.
# TYPE frr_bfd_peer_count gauge
frr_bfd_peer_count 2
# HELP frr_bfd_peer_state State of the bfd peer (1 = Up, 0 = Down).
# TYPE frr_bfd_peer_state g...</msg>
<var>${text}</var>
<arg>http://${MGMT}[${pe}]:9342/metrics</arg>
<doc>GET a URL; returns the parsed JSON, or the text for non-JSON answers (Prometheus exposition).</doc>
<status status="PASS" start="2026-09-18T03:17:00.577890" elapsed="0.012518"/>
</kw>
<kw name="Metric Samples" owner="LabLib">
<msg time="2026-09-18T03:17:00.591203" level="INFO">${peers} = [{'labels': {'afi': 'ipv4', 'local_as': '65000', 'peer': '172.16.4.2', 'peer_as': '65004', 'safi': 'unicast', 'vrf': 'tenant-a'}, 'value': 1.0}, {'labels': {'afi': 'ipv4', 'local_as': '65000', 'peer':...</msg>
<var>${peers}</var>
<arg>${text}</arg>
<arg>frr_bgp_peer_state</arg>
<doc>Parse the samples of one metric from Prometheus text exposition: [{labels, value}].</doc>
<status status="PASS" start="2026-09-18T03:17:00.590585" elapsed="0.000659"/>
</kw>
<kw name="Evaluate" owner="BuiltIn">
<msg time="2026-09-18T03:17:00.592380" level="INFO">${expected} = 4</msg>
<var>${expected}</var>
<arg>len($RRS) + len($TENANTS) + len([s for s in $EXT_SITES.values() if s["pe"] == "${pe}"])</arg>
<doc>Evaluates the given expression in Python and returns the result.</doc>
<status status="PASS" start="2026-09-18T03:17:00.591434" elapsed="0.000984"/>
</kw>
<kw name="Length Should Be" owner="BuiltIn">
<msg time="2026-09-18T03:17:00.593302" level="INFO">Length is 4.</msg>
<arg>${peers}</arg>
<arg>${expected}</arg>
<arg>msg=${pe}: expected ${expected} BGP peers in frr_bgp_peer_state</arg>
<doc>Verifies that the length of the given item is correct.</doc>
<status status="PASS" start="2026-09-18T03:17:00.592566" elapsed="0.000800"/>
</kw>
<for flavor="IN">
<iter>
<kw name="Should Be Equal As Numbers" owner="BuiltIn">
<msg time="2026-09-18T03:17:00.594404" level="INFO">Argument types are:
&lt;class 'float'&gt;
&lt;class 'str'&gt;</msg>
<arg>${p}[value]</arg>
<arg>1</arg>
<arg>msg=${pe}: peer ${p}[labels][peer] (${p}[labels][vrf]) is not Established</arg>
<doc>Fails if objects are unequal after converting them to real numbers.</doc>
<status status="PASS" start="2026-09-18T03:17:00.593966" elapsed="0.000518"/>
</kw>
<var name="${p}">{'labels': {'afi': 'ipv4', 'local_as': '65000', 'peer': '172.16.4.2', 'peer_as': '65004', 'safi': 'unicast', 'vrf': 'tenant-a'}, 'value': 1.0}</var>
<status status="PASS" start="2026-09-18T03:17:00.593614" elapsed="0.000920"/>
</iter>
<iter>
<kw name="Should Be Equal As Numbers" owner="BuiltIn">
<msg time="2026-09-18T03:17:00.596175" level="INFO">Argument types are:
&lt;class 'float'&gt;
&lt;class 'str'&gt;</msg>
<arg>${p}[value]</arg>
<arg>1</arg>
<arg>msg=${pe}: peer ${p}[labels][peer] (${p}[labels][vrf]) is not Established</arg>
<doc>Fails if objects are unequal after converting them to real numbers.</doc>
<status status="PASS" start="2026-09-18T03:17:00.595824" elapsed="0.000432"/>
</kw>
<var name="${p}">{'labels': {'afi': 'ipv4', 'local_as': '65000', 'peer': '172.18.4.2', 'peer_as': '65004', 'safi': 'unicast', 'vrf': 'tenant-b'}, 'value': 1.0}</var>
<status status="PASS" start="2026-09-18T03:17:00.595686" elapsed="0.000613"/>
</iter>
<iter>
<kw name="Should Be Equal As Numbers" owner="BuiltIn">
<msg time="2026-09-18T03:17:00.596837" level="INFO">Argument types are:
&lt;class 'float'&gt;
&lt;class 'str'&gt;</msg>
<arg>${p}[value]</arg>
<arg>1</arg>
<arg>msg=${pe}: peer ${p}[labels][peer] (${p}[labels][vrf]) is not Established</arg>
<doc>Fails if objects are unequal after converting them to real numbers.</doc>
<status status="PASS" start="2026-09-18T03:17:00.596502" elapsed="0.000394"/>
</kw>
<var name="${p}">{'labels': {'afi': 'ipv4', 'local_as': '65000', 'peer': 'fd00:a::11', 'peer_as': '65000', 'safi': 'vpn', 'vrf': 'default'}, 'value': 1.0}</var>
<status status="PASS" start="2026-09-18T03:17:00.596387" elapsed="0.000550"/>
</iter>
<iter>
<kw name="Should Be Equal As Numbers" owner="BuiltIn">
<msg time="2026-09-18T03:17:00.597415" level="INFO">Argument types are:
&lt;class 'float'&gt;
&lt;class 'str'&gt;</msg>
<arg>${p}[value]</arg>
<arg>1</arg>
<arg>msg=${pe}: peer ${p}[labels][peer] (${p}[labels][vrf]) is not Established</arg>
<doc>Fails if objects are unequal after converting them to real numbers.</doc>
<status status="PASS" start="2026-09-18T03:17:00.597126" elapsed="0.000341"/>
</kw>
<var name="${p}">{'labels': {'afi': 'ipv4', 'local_as': '65000', 'peer': 'fd00:a::13', 'peer_as': '65000', 'safi': 'vpn', 'vrf': 'default'}, 'value': 1.0}</var>
<status status="PASS" start="2026-09-18T03:17:00.597021" elapsed="0.000486"/>
</iter>
<var>${p}</var>
<value>@{peers}</value>
<status status="PASS" start="2026-09-18T03:17:00.593444" elapsed="0.004096"/>
</for>
<var name="${pe}">pe4</var>
<status status="PASS" start="2026-09-18T03:17:00.577804" elapsed="0.019768"/>
</iter>
<var>${pe}</var>
<value>@{PES}</value>
<status status="PASS" start="2026-09-18T03:17:00.470723" elapsed="0.126872"/>
</for>
<status status="PASS" start="2026-09-18T03:17:00.470423" elapsed="0.127289"/>
</test>
<test id="s1-t3" name="Every tenant host serves node-exporter" line="34">
<for flavor="IN">
<iter>
<kw name="Http Get" owner="LabLib">
<msg time="2026-09-18T03:17:00.625182" level="INFO">${text} = # HELP go_gc_duration_seconds A summary of the wall-time pause (stop-the-world) duration in garbage collection cycles.
# TYPE go_gc_duration_seconds summary
go_gc_duration_seconds{quantile="0"} 2.0098...</msg>
<var>${text}</var>
<arg>http://${MGMT}[${h}]:9100/metrics</arg>
<doc>GET a URL; returns the parsed JSON, or the text for non-JSON answers (Prometheus exposition).</doc>
<status status="PASS" start="2026-09-18T03:17:00.598344" elapsed="0.027167"/>
</kw>
<kw name="Should Contain" owner="BuiltIn">
<arg>${text}</arg>
<arg>node_network_receive_bytes_total{device="eth1"}</arg>
<arg>msg=${h}: no eth1 counters</arg>
<doc>Fails if the `container` does not contain the `item` one or more times.</doc>
<status status="PASS" start="2026-09-18T03:17:00.625875" elapsed="0.000573"/>
</kw>
<var name="${h}">dc1-h1</var>
<status status="PASS" start="2026-09-18T03:17:00.598267" elapsed="0.028236"/>
</iter>
<iter>
<kw name="Http Get" owner="LabLib">
<msg time="2026-09-18T03:17:00.646118" level="INFO">${text} = # HELP go_gc_duration_seconds A summary of the wall-time pause (stop-the-world) duration in garbage collection cycles.
# TYPE go_gc_duration_seconds summary
go_gc_duration_seconds{quantile="0"} 2.1143...</msg>
<var>${text}</var>
<arg>http://${MGMT}[${h}]:9100/metrics</arg>
<doc>GET a URL; returns the parsed JSON, or the text for non-JSON answers (Prometheus exposition).</doc>
<status status="PASS" start="2026-09-18T03:17:00.626851" elapsed="0.019316"/>
</kw>
<kw name="Should Contain" owner="BuiltIn">
<arg>${text}</arg>
<arg>node_network_receive_bytes_total{device="eth1"}</arg>
<arg>msg=${h}: no eth1 counters</arg>
<doc>Fails if the `container` does not contain the `item` one or more times.</doc>
<status status="PASS" start="2026-09-18T03:17:00.646344" elapsed="0.000455"/>
</kw>
<var name="${h}">dc1-h2</var>
<status status="PASS" start="2026-09-18T03:17:00.626650" elapsed="0.020194"/>
</iter>
<iter>
<kw name="Http Get" owner="LabLib">
<msg time="2026-09-18T03:17:00.671040" level="INFO">${text} = # HELP go_gc_duration_seconds A summary of the wall-time pause (stop-the-world) duration in garbage collection cycles.
# TYPE go_gc_duration_seconds summary
go_gc_duration_seconds{quantile="0"} 2.0805...</msg>
<var>${text}</var>
<arg>http://${MGMT}[${h}]:9100/metrics</arg>
<doc>GET a URL; returns the parsed JSON, or the text for non-JSON answers (Prometheus exposition).</doc>
<status status="PASS" start="2026-09-18T03:17:00.647034" elapsed="0.024060"/>
</kw>
<kw name="Should Contain" owner="BuiltIn">
<arg>${text}</arg>
<arg>node_network_receive_bytes_total{device="eth1"}</arg>
<arg>msg=${h}: no eth1 counters</arg>
<doc>Fails if the `container` does not contain the `item` one or more times.</doc>
<status status="PASS" start="2026-09-18T03:17:00.671290" elapsed="0.000519"/>
</kw>
<var name="${h}">dc2-h1</var>
<status status="PASS" start="2026-09-18T03:17:00.646952" elapsed="0.024904"/>
</iter>
<iter>
<kw name="Http Get" owner="LabLib">
<msg time="2026-09-18T03:17:00.710423" level="INFO">${text} = # HELP go_gc_duration_seconds A summary of the wall-time pause (stop-the-world) duration in garbage collection cycles.
# TYPE go_gc_duration_seconds summary
go_gc_duration_seconds{quantile="0"} 2.0973...</msg>
<var>${text}</var>
<arg>http://${MGMT}[${h}]:9100/metrics</arg>
<doc>GET a URL; returns the parsed JSON, or the text for non-JSON answers (Prometheus exposition).</doc>
<status status="PASS" start="2026-09-18T03:17:00.672083" elapsed="0.038399"/>
</kw>
<kw name="Should Contain" owner="BuiltIn">
<arg>${text}</arg>
<arg>node_network_receive_bytes_total{device="eth1"}</arg>
<arg>msg=${h}: no eth1 counters</arg>
<doc>Fails if the `container` does not contain the `item` one or more times.</doc>
<status status="PASS" start="2026-09-18T03:17:00.710695" elapsed="0.000661"/>
</kw>
<var name="${h}">dc2-h2</var>
<status status="PASS" start="2026-09-18T03:17:00.671978" elapsed="0.039438"/>
</iter>
<iter>
<kw name="Http Get" owner="LabLib">
<msg time="2026-09-18T03:17:00.743121" level="INFO">${text} = # HELP go_gc_duration_seconds A summary of the wall-time pause (stop-the-world) duration in garbage collection cycles.
# TYPE go_gc_duration_seconds summary
go_gc_duration_seconds{quantile="0"} 2.0376...</msg>
<var>${text}</var>
<arg>http://${MGMT}[${h}]:9100/metrics</arg>
<doc>GET a URL; returns the parsed JSON, or the text for non-JSON answers (Prometheus exposition).</doc>
<status status="PASS" start="2026-09-18T03:17:00.711689" elapsed="0.031491"/>
</kw>
<kw name="Should Contain" owner="BuiltIn">
<arg>${text}</arg>
<arg>node_network_receive_bytes_total{device="eth1"}</arg>
<arg>msg=${h}: no eth1 counters</arg>
<doc>Fails if the `container` does not contain the `item` one or more times.</doc>
<status status="PASS" start="2026-09-18T03:17:00.743376" elapsed="0.000816"/>
</kw>
<var name="${h}">dc3-h1</var>
<status status="PASS" start="2026-09-18T03:17:00.711557" elapsed="0.032695"/>
</iter>
<iter>
<kw name="Http Get" owner="LabLib">
<msg time="2026-09-18T03:17:00.780709" level="INFO">${text} = # HELP go_gc_duration_seconds A summary of the wall-time pause (stop-the-world) duration in garbage collection cycles.
# TYPE go_gc_duration_seconds summary
go_gc_duration_seconds{quantile="0"} 2.0914...</msg>
<var>${text}</var>
<arg>http://${MGMT}[${h}]:9100/metrics</arg>
<doc>GET a URL; returns the parsed JSON, or the text for non-JSON answers (Prometheus exposition).</doc>
<status status="PASS" start="2026-09-18T03:17:00.744746" elapsed="0.036017"/>
</kw>
<kw name="Should Contain" owner="BuiltIn">
<arg>${text}</arg>
<arg>node_network_receive_bytes_total{device="eth1"}</arg>
<arg>msg=${h}: no eth1 counters</arg>
<doc>Fails if the `container` does not contain the `item` one or more times.</doc>
<status status="PASS" start="2026-09-18T03:17:00.780958" elapsed="0.000656"/>
</kw>
<var name="${h}">dc3-h2</var>
<status status="PASS" start="2026-09-18T03:17:00.744385" elapsed="0.037283"/>
</iter>
<iter>
<kw name="Http Get" owner="LabLib">
<msg time="2026-09-18T03:17:00.799042" level="INFO">${text} = # HELP go_gc_duration_seconds A summary of the wall-time pause (stop-the-world) duration in garbage collection cycles.
# TYPE go_gc_duration_seconds summary
go_gc_duration_seconds{quantile="0"} 2.0257...</msg>
<var>${text}</var>
<arg>http://${MGMT}[${h}]:9100/metrics</arg>
<doc>GET a URL; returns the parsed JSON, or the text for non-JSON answers (Prometheus exposition).</doc>
<status status="PASS" start="2026-09-18T03:17:00.781898" elapsed="0.017195"/>
</kw>
<kw name="Should Contain" owner="BuiltIn">
<arg>${text}</arg>
<arg>node_network_receive_bytes_total{device="eth1"}</arg>
<arg>msg=${h}: no eth1 counters</arg>
<doc>Fails if the `container` does not contain the `item` one or more times.</doc>
<status status="PASS" start="2026-09-18T03:17:00.799299" elapsed="0.000647"/>
</kw>
<var name="${h}">dc4-h1</var>
<status status="PASS" start="2026-09-18T03:17:00.781793" elapsed="0.018213"/>
</iter>
<iter>
<kw name="Http Get" owner="LabLib">
<msg time="2026-09-18T03:17:00.855960" level="INFO">${text} = # HELP go_gc_duration_seconds A summary of the wall-time pause (stop-the-world) duration in garbage collection cycles.
# TYPE go_gc_duration_seconds summary
go_gc_duration_seconds{quantile="0"} 2.0735...</msg>
<var>${text}</var>
<arg>http://${MGMT}[${h}]:9100/metrics</arg>
<doc>GET a URL; returns the parsed JSON, or the text for non-JSON answers (Prometheus exposition).</doc>
<status status="PASS" start="2026-09-18T03:17:00.800277" elapsed="0.055733"/>
</kw>
<kw name="Should Contain" owner="BuiltIn">
<arg>${text}</arg>
<arg>node_network_receive_bytes_total{device="eth1"}</arg>
<arg>msg=${h}: no eth1 counters</arg>
<doc>Fails if the `container` does not contain the `item` one or more times.</doc>
<status status="PASS" start="2026-09-18T03:17:00.856190" elapsed="0.000477"/>
</kw>
<var name="${h}">dc4-h2</var>
<status status="PASS" start="2026-09-18T03:17:00.800153" elapsed="0.056563"/>
</iter>
<var>${h}</var>
<value>@{HOSTS}</value>
<status status="PASS" start="2026-09-18T03:17:00.598157" elapsed="0.258596"/>
</for>
<status status="PASS" start="2026-09-18T03:17:00.597913" elapsed="0.258948"/>
</test>
<test id="s1-t4" name="The portal's service discovery lists every exporter of the lab" line="40">
<kw name="Http Get" owner="LabLib">
<msg time="2026-09-18T03:17:00.861340" level="INFO">${sd} = [{'targets': ['10.3.0.11:9100'], 'labels': {'lab': 'srv6-core', 'node': 'pe1', 'role': 'pe', 'dc': 'dc1', 'job': 'node'}}, {'targets': ['10.3.0.11:9342'], 'labels': {'lab': 'srv6-core', 'node': 'pe1',...</msg>
<var>${sd}</var>
<arg>${PORTAL}/api/sd</arg>
<doc>GET a URL; returns the parsed JSON, or the text for non-JSON answers (Prometheus exposition).</doc>
<status status="PASS" start="2026-09-18T03:17:00.857354" elapsed="0.004031"/>
</kw>
<kw name="Evaluate" owner="BuiltIn">
<msg time="2026-09-18T03:17:00.862073" level="INFO">${targets} = ['10.3.0.11:9100', '10.3.0.11:9342', '10.3.0.12:9100', '10.3.0.12:9342', '10.3.0.13:9100', '10.3.0.13:9342', '10.3.0.14:9100', '10.3.0.14:9342', '10.3.0.1:8091', '10.3.0.21:9100', '10.3.0.21:9342', '1...</msg>
<var>${targets}</var>
<arg>sorted(t for g in $sd for t in g["targets"])</arg>
<doc>Evaluates the given expression in Python and returns the result.</doc>
<status status="PASS" start="2026-09-18T03:17:00.861558" elapsed="0.000546"/>
</kw>
<for flavor="IN">
<iter>
<kw name="Should Contain" owner="BuiltIn">
<arg>${targets}</arg>
<arg>${MGMT}[${n}]:9100</arg>
<arg>msg=${n} node-exporter missing from /api/sd</arg>
<doc>Fails if the `container` does not contain the `item` one or more times.</doc>
<status status="PASS" start="2026-09-18T03:17:00.862410" elapsed="0.000385"/>
</kw>
<kw name="Should Contain" owner="BuiltIn">
<arg>${targets}</arg>
<arg>${MGMT}[${n}]:9342</arg>
<arg>msg=${n} frr-exporter missing from /api/sd</arg>
<doc>Fails if the `container` does not contain the `item` one or more times.</doc>
<status status="PASS" start="2026-09-18T03:17:00.862919" elapsed="0.000330"/>
</kw>
<var name="${n}">pe1</var>
<status status="PASS" start="2026-09-18T03:17:00.862301" elapsed="0.000985"/>
</iter>
<iter>
<kw name="Should Contain" owner="BuiltIn">
<arg>${targets}</arg>
<arg>${MGMT}[${n}]:9100</arg>
<arg>msg=${n} node-exporter missing from /api/sd</arg>
<doc>Fails if the `container` does not contain the `item` one or more times.</doc>
<status status="PASS" start="2026-09-18T03:17:00.863470" elapsed="0.000327"/>
</kw>
<kw name="Should Contain" owner="BuiltIn">
<arg>${targets}</arg>
<arg>${MGMT}[${n}]:9342</arg>
<arg>msg=${n} frr-exporter missing from /api/sd</arg>
<doc>Fails if the `container` does not contain the `item` one or more times.</doc>
<status status="PASS" start="2026-09-18T03:17:00.863913" elapsed="0.000305"/>
</kw>
<var name="${n}">pe2</var>
<status status="PASS" start="2026-09-18T03:17:00.863373" elapsed="0.000882"/>
</iter>
<iter>
<kw name="Should Contain" owner="BuiltIn">
<arg>${targets}</arg>
<arg>${MGMT}[${n}]:9100</arg>
<arg>msg=${n} node-exporter missing from /api/sd</arg>
<doc>Fails if the `container` does not contain the `item` one or more times.</doc>
<status status="PASS" start="2026-09-18T03:17:00.864424" elapsed="0.000313"/>
</kw>
<kw name="Should Contain" owner="BuiltIn">
<arg>${targets}</arg>
<arg>${MGMT}[${n}]:9342</arg>
<arg>msg=${n} frr-exporter missing from /api/sd</arg>
<doc>Fails if the `container` does not contain the `item` one or more times.</doc>
<status status="PASS" start="2026-09-18T03:17:00.864846" elapsed="0.000291"/>
</kw>
<var name="${n}">pe3</var>
<status status="PASS" start="2026-09-18T03:17:00.864334" elapsed="0.000840"/>
</iter>
<iter>
<kw name="Should Contain" owner="BuiltIn">
<arg>${targets}</arg>
<arg>${MGMT}[${n}]:9100</arg>
<arg>msg=${n} node-exporter missing from /api/sd</arg>
<doc>Fails if the `container` does not contain the `item` one or more times.</doc>
<status status="PASS" start="2026-09-18T03:17:00.865338" elapsed="0.000302"/>
</kw>
<kw name="Should Contain" owner="BuiltIn">
<arg>${targets}</arg>
<arg>${MGMT}[${n}]:9342</arg>
<arg>msg=${n} frr-exporter missing from /api/sd</arg>
<doc>Fails if the `container` does not contain the `item` one or more times.</doc>
<status status="PASS" start="2026-09-18T03:17:00.865748" elapsed="0.000291"/>
</kw>
<var name="${n}">pe4</var>
<status status="PASS" start="2026-09-18T03:17:00.865251" elapsed="0.000824"/>
</iter>
<iter>
<kw name="Should Contain" owner="BuiltIn">
<arg>${targets}</arg>
<arg>${MGMT}[${n}]:9100</arg>
<arg>msg=${n} node-exporter missing from /api/sd</arg>
<doc>Fails if the `container` does not contain the `item` one or more times.</doc>
<status status="PASS" start="2026-09-18T03:17:00.866230" elapsed="0.000292"/>
</kw>
<kw name="Should Contain" owner="BuiltIn">
<arg>${targets}</arg>
<arg>${MGMT}[${n}]:9342</arg>
<arg>msg=${n} frr-exporter missing from /api/sd</arg>
<doc>Fails if the `container` does not contain the `item` one or more times.</doc>
<status status="PASS" start="2026-09-18T03:17:00.866643" elapsed="0.000335"/>
</kw>
<var name="${n}">p1</var>
<status status="PASS" start="2026-09-18T03:17:00.866147" elapsed="0.000869"/>
</iter>
<iter>
<kw name="Should Contain" owner="BuiltIn">
<arg>${targets}</arg>
<arg>${MGMT}[${n}]:9100</arg>
<arg>msg=${n} node-exporter missing from /api/sd</arg>
<doc>Fails if the `container` does not contain the `item` one or more times.</doc>
<status status="PASS" start="2026-09-18T03:17:00.867187" elapsed="0.000318"/>
</kw>
<kw name="Should Contain" owner="BuiltIn">
<arg>${targets}</arg>
<arg>${MGMT}[${n}]:9342</arg>
<arg>msg=${n} frr-exporter missing from /api/sd</arg>
<doc>Fails if the `container` does not contain the `item` one or more times.</doc>
<status status="PASS" start="2026-09-18T03:17:00.867631" elapsed="0.000323"/>
</kw>
<var name="${n}">p2</var>
<status status="PASS" start="2026-09-18T03:17:00.867094" elapsed="0.000931"/>
</iter>
<iter>
<kw name="Should Contain" owner="BuiltIn">
<arg>${targets}</arg>
<arg>${MGMT}[${n}]:9100</arg>
<arg>msg=${n} node-exporter missing from /api/sd</arg>
<doc>Fails if the `container` does not contain the `item` one or more times.</doc>
<status status="PASS" start="2026-09-18T03:17:00.868198" elapsed="0.000311"/>
</kw>
<kw name="Should Contain" owner="BuiltIn">
<arg>${targets}</arg>
<arg>${MGMT}[${n}]:9342</arg>
<arg>msg=${n} frr-exporter missing from /api/sd</arg>
<doc>Fails if the `container` does not contain the `item` one or more times.</doc>
<status status="PASS" start="2026-09-18T03:17:00.868628" elapsed="0.000303"/>
</kw>
<var name="${n}">p3</var>
<status status="PASS" start="2026-09-18T03:17:00.868107" elapsed="0.000860"/>
</iter>
<iter>
<kw name="Should Contain" owner="BuiltIn">
<arg>${targets}</arg>
<arg>${MGMT}[${n}]:9100</arg>
<arg>msg=${n} node-exporter missing from /api/sd</arg>
<doc>Fails if the `container` does not contain the `item` one or more times.</doc>
<status status="PASS" start="2026-09-18T03:17:00.869130" elapsed="0.000296"/>
</kw>
<kw name="Should Contain" owner="BuiltIn">
<arg>${targets}</arg>
<arg>${MGMT}[${n}]:9342</arg>
<arg>msg=${n} frr-exporter missing from /api/sd</arg>
<doc>Fails if the `container` does not contain the `item` one or more times.</doc>
<status status="PASS" start="2026-09-18T03:17:00.869535" elapsed="0.000305"/>
</kw>
<var name="${n}">ce1</var>
<status status="PASS" start="2026-09-18T03:17:00.869044" elapsed="0.000833"/>
</iter>
<iter>
<kw name="Should Contain" owner="BuiltIn">
<arg>${targets}</arg>
<arg>${MGMT}[${n}]:9100</arg>
<arg>msg=${n} node-exporter missing from /api/sd</arg>
<doc>Fails if the `container` does not contain the `item` one or more times.</doc>
<status status="PASS" start="2026-09-18T03:17:00.870045" elapsed="0.000295"/>
</kw>
<kw name="Should Contain" owner="BuiltIn">
<arg>${targets}</arg>
<arg>${MGMT}[${n}]:9342</arg>
<arg>msg=${n} frr-exporter missing from /api/sd</arg>
<doc>Fails if the `container` does not contain the `item` one or more times.</doc>
<status status="PASS" start="2026-09-18T03:17:00.870449" elapsed="0.000305"/>
</kw>
<var name="${n}">ce2</var>
<status status="PASS" start="2026-09-18T03:17:00.869956" elapsed="0.000834"/>
</iter>
<iter>
<kw name="Should Contain" owner="BuiltIn">
<arg>${targets}</arg>
<arg>${MGMT}[${n}]:9100</arg>
<arg>msg=${n} node-exporter missing from /api/sd</arg>
<doc>Fails if the `container` does not contain the `item` one or more times.</doc>
<status status="PASS" start="2026-09-18T03:17:00.870952" elapsed="0.000295"/>
</kw>
<kw name="Should Contain" owner="BuiltIn">
<arg>${targets}</arg>
<arg>${MGMT}[${n}]:9342</arg>
<arg>msg=${n} frr-exporter missing from /api/sd</arg>
<doc>Fails if the `container` does not contain the `item` one or more times.</doc>
<status status="PASS" start="2026-09-18T03:17:00.871356" elapsed="0.000339"/>
</kw>
<var name="${n}">ce3</var>
<status status="PASS" start="2026-09-18T03:17:00.870865" elapsed="0.000867"/>
</iter>
<iter>
<kw name="Should Contain" owner="BuiltIn">
<arg>${targets}</arg>
<arg>${MGMT}[${n}]:9100</arg>
<arg>msg=${n} node-exporter missing from /api/sd</arg>
<doc>Fails if the `container` does not contain the `item` one or more times.</doc>
<status status="PASS" start="2026-09-18T03:17:00.871891" elapsed="0.000294"/>
</kw>
<kw name="Should Contain" owner="BuiltIn">
<arg>${targets}</arg>
<arg>${MGMT}[${n}]:9342</arg>
<arg>msg=${n} frr-exporter missing from /api/sd</arg>
<doc>Fails if the `container` does not contain the `item` one or more times.</doc>
<status status="PASS" start="2026-09-18T03:17:00.872294" elapsed="0.000294"/>
</kw>
<var name="${n}">ce4</var>
<status status="PASS" start="2026-09-18T03:17:00.871806" elapsed="0.000829"/>
</iter>
<var>${n}</var>
<value>@{VYOS}</value>
<status status="PASS" start="2026-09-18T03:17:00.862167" elapsed="0.010495"/>
</for>
<for flavor="IN">
<iter>
<kw name="Should Contain" owner="BuiltIn">
<arg>${targets}</arg>
<arg>${MGMT}[${h}]:9100</arg>
<arg>msg=${h} node-exporter missing from /api/sd</arg>
<doc>Fails if the `container` does not contain the `item` one or more times.</doc>
<status status="PASS" start="2026-09-18T03:17:00.872909" elapsed="0.000306"/>
</kw>
<var name="${h}">dc1-h1</var>
<status status="PASS" start="2026-09-18T03:17:00.872822" elapsed="0.000431"/>
</iter>
<iter>
<kw name="Should Contain" owner="BuiltIn">
<arg>${targets}</arg>
<arg>${MGMT}[${h}]:9100</arg>
<arg>msg=${h} node-exporter missing from /api/sd</arg>
<doc>Fails if the `container` does not contain the `item` one or more times.</doc>
<status status="PASS" start="2026-09-18T03:17:00.873408" elapsed="0.000305"/>
</kw>
<var name="${h}">dc1-h2</var>
<status status="PASS" start="2026-09-18T03:17:00.873323" elapsed="0.000426"/>
</iter>
<iter>
<kw name="Should Contain" owner="BuiltIn">
<arg>${targets}</arg>
<arg>${MGMT}[${h}]:9100</arg>
<arg>msg=${h} node-exporter missing from /api/sd</arg>
<doc>Fails if the `container` does not contain the `item` one or more times.</doc>
<status status="PASS" start="2026-09-18T03:17:00.873903" elapsed="0.000296"/>
</kw>
<var name="${h}">dc2-h1</var>
<status status="PASS" start="2026-09-18T03:17:00.873818" elapsed="0.000417"/>
</iter>
<iter>
<kw name="Should Contain" owner="BuiltIn">
<arg>${targets}</arg>
<arg>${MGMT}[${h}]:9100</arg>
<arg>msg=${h} node-exporter missing from /api/sd</arg>
<doc>Fails if the `container` does not contain the `item` one or more times.</doc>
<status status="PASS" start="2026-09-18T03:17:00.874386" elapsed="0.000303"/>
</kw>
<var name="${h}">dc2-h2</var>
<status status="PASS" start="2026-09-18T03:17:00.874301" elapsed="0.000425"/>
</iter>
<iter>
<kw name="Should Contain" owner="BuiltIn">
<arg>${targets}</arg>
<arg>${MGMT}[${h}]:9100</arg>
<arg>msg=${h} node-exporter missing from /api/sd</arg>
<doc>Fails if the `container` does not contain the `item` one or more times.</doc>
<status status="PASS" start="2026-09-18T03:17:00.874877" elapsed="0.000295"/>
</kw>
<var name="${h}">dc3-h1</var>
<status status="PASS" start="2026-09-18T03:17:00.874793" elapsed="0.000416"/>
</iter>
<iter>
<kw name="Should Contain" owner="BuiltIn">
<arg>${targets}</arg>
<arg>${MGMT}[${h}]:9100</arg>
<arg>msg=${h} node-exporter missing from /api/sd</arg>
<doc>Fails if the `container` does not contain the `item` one or more times.</doc>
<status status="PASS" start="2026-09-18T03:17:00.875360" elapsed="0.000301"/>
</kw>
<var name="${h}">dc3-h2</var>
<status status="PASS" start="2026-09-18T03:17:00.875275" elapsed="0.000421"/>
</iter>
<iter>
<kw name="Should Contain" owner="BuiltIn">
<arg>${targets}</arg>
<arg>${MGMT}[${h}]:9100</arg>
<arg>msg=${h} node-exporter missing from /api/sd</arg>
<doc>Fails if the `container` does not contain the `item` one or more times.</doc>
<status status="PASS" start="2026-09-18T03:17:00.875846" elapsed="0.000294"/>
</kw>
<var name="${h}">dc4-h1</var>
<status status="PASS" start="2026-09-18T03:17:00.875761" elapsed="0.000414"/>
</iter>
<iter>
<kw name="Should Contain" owner="BuiltIn">
<arg>${targets}</arg>
<arg>${MGMT}[${h}]:9100</arg>
<arg>msg=${h} node-exporter missing from /api/sd</arg>
<doc>Fails if the `container` does not contain the `item` one or more times.</doc>
<status status="PASS" start="2026-09-18T03:17:00.876327" elapsed="0.000298"/>
</kw>
<var name="${h}">dc4-h2</var>
<status status="PASS" start="2026-09-18T03:17:00.876241" elapsed="0.000419"/>
</iter>
<var>${h}</var>
<value>@{HOSTS}</value>
<status status="PASS" start="2026-09-18T03:17:00.872714" elapsed="0.003972"/>
</for>
<kw name="Evaluate" owner="BuiltIn">
<msg time="2026-09-18T03:17:00.877222" level="INFO">${portal} = [{'targets': ['10.3.0.1:8091'], 'labels': {'lab': 'srv6-core', 'job': 'portal', 'role': 'portal'}}]</msg>
<var>${portal}</var>
<arg>[g for g in $sd if g["labels"].get("job") == "portal"]</arg>
<doc>Evaluates the given expression in Python and returns the result.</doc>
<status status="PASS" start="2026-09-18T03:17:00.876801" elapsed="0.000460"/>
</kw>
<kw name="Length Should Be" owner="BuiltIn">
<msg time="2026-09-18T03:17:00.877858" level="INFO">Length is 1.</msg>
<arg>${portal}</arg>
<arg>1</arg>
<arg>msg=the portal itself is not in /api/sd</arg>
<doc>Verifies that the length of the given item is correct.</doc>
<status status="PASS" start="2026-09-18T03:17:00.877354" elapsed="0.000586"/>
</kw>
<status status="PASS" start="2026-09-18T03:17:00.857040" elapsed="0.021013"/>
</test>
<test id="s1-t5" name="The portal's metrics report every tenant healthy and the core fully adjacent" line="53">
<kw name="Wait Until Keyword Succeeds" owner="BuiltIn">
<kw name="Portal Metrics Show Everything Up">
<kw name="Http Get" owner="LabLib">
<msg time="2026-09-18T03:17:00.909101" level="INFO">${text} = # HELP lab_state_generated_seconds When the state below was collected
# TYPE lab_state_generated_seconds gauge
lab_state_generated_seconds{lab="srv6-core"} 1789715677
# HELP lab_host_reachable 1 if th...</msg>
<var>${text}</var>
<arg>${PORTAL}/metrics</arg>
<doc>GET a URL; returns the parsed JSON, or the text for non-JSON answers (Prometheus exposition).</doc>
<status status="PASS" start="2026-09-18T03:17:00.879548" elapsed="0.029618"/>
</kw>
<kw name="Metric Samples" owner="LabLib">
<msg time="2026-09-18T03:17:00.910186" level="INFO">${health} = [{'labels': {'lab': 'srv6-core', 'tenant': 'tenant-a', 'sites': '7'}, 'value': 2.0}, {'labels': {'lab': 'srv6-core', 'tenant': 'tenant-b', 'sites': '4'}, 'value': 2.0}]</msg>
<var>${health}</var>
<arg>${text}</arg>
<arg>lab_tenant_health</arg>
<doc>Parse the samples of one metric from Prometheus text exposition: [{labels, value}].</doc>
<status status="PASS" start="2026-09-18T03:17:00.909350" elapsed="0.000878"/>
</kw>
<kw name="Length Should Be" owner="BuiltIn">
<msg time="2026-09-18T03:17:00.911615" level="INFO">Length is 2.</msg>
<arg>${health}</arg>
<arg>${{ len($TENANTS) }}</arg>
<doc>Verifies that the length of the given item is correct.</doc>
<status status="PASS" start="2026-09-18T03:17:00.910386" elapsed="0.001465"/>
</kw>
<for flavor="IN">
<iter>
<kw name="Should Be Equal As Numbers" owner="BuiltIn">
<msg time="2026-09-18T03:17:00.913171" level="INFO">Argument types are:
&lt;class 'float'&gt;
&lt;class 'str'&gt;</msg>
<arg>${h}[value]</arg>
<arg>2</arg>
<arg>msg=${h}[labels][tenant] is not healthy (2 = up)</arg>
<doc>Fails if objects are unequal after converting them to real numbers.</doc>
<status status="PASS" start="2026-09-18T03:17:00.912365" elapsed="0.000894"/>
</kw>
<var name="${h}">{'labels': {'lab': 'srv6-core', 'tenant': 'tenant-a', 'sites': '7'}, 'value': 2.0}</var>
<status status="PASS" start="2026-09-18T03:17:00.912206" elapsed="0.001106"/>
</iter>
<iter>
<kw name="Should Be Equal As Numbers" owner="BuiltIn">
<msg time="2026-09-18T03:17:00.914341" level="INFO">Argument types are:
&lt;class 'float'&gt;
&lt;class 'str'&gt;</msg>
<arg>${h}[value]</arg>
<arg>2</arg>
<arg>msg=${h}[labels][tenant] is not healthy (2 = up)</arg>
<doc>Fails if objects are unequal after converting them to real numbers.</doc>
<status status="PASS" start="2026-09-18T03:17:00.913852" elapsed="0.000565"/>
</kw>
<var name="${h}">{'labels': {'lab': 'srv6-core', 'tenant': 'tenant-b', 'sites': '4'}, 'value': 2.0}</var>
<status status="PASS" start="2026-09-18T03:17:00.913424" elapsed="0.001330"/>
</iter>
<var>${h}</var>
<value>@{health}</value>
<status status="PASS" start="2026-09-18T03:17:00.912028" elapsed="0.002771"/>
</for>
<kw name="Metric Samples" owner="LabLib">
<msg time="2026-09-18T03:17:00.916300" level="INFO">${bgp} = [{'labels': {'lab': 'srv6-core', 'tenant': 'tenant-a', 'dc': 'dc1', 'pe': 'pe1', 'ce': 'ce1', 'external': ''}, 'value': 1.0}, {'labels': {'lab': 'srv6-core', 'tenant': 'tenant-a', 'dc': 'dc1', 'pe': '...</msg>
<var>${bgp}</var>
<arg>${text}</arg>
<arg>lab_tenant_site_bgp_up</arg>
<doc>Parse the samples of one metric from Prometheus text exposition: [{labels, value}].</doc>
<status status="PASS" start="2026-09-18T03:17:00.915621" elapsed="0.000718"/>
</kw>
<kw name="Evaluate" owner="BuiltIn">
<msg time="2026-09-18T03:17:00.917266" level="INFO">${sites} = 11</msg>
<var>${sites}</var>
<arg>sum(len(s) for s in $SITES.values()) + len($EXT_SITES)</arg>
<doc>Evaluates the given expression in Python and returns the result.</doc>
<status status="PASS" start="2026-09-18T03:17:00.916517" elapsed="0.000784"/>
</kw>
<kw name="Length Should Be" owner="BuiltIn">
<msg time="2026-09-18T03:17:00.918010" level="INFO">Length is 11.</msg>
<arg>${bgp}</arg>
<arg>${sites}</arg>
<doc>Verifies that the length of the given item is correct.</doc>
<status status="PASS" start="2026-09-18T03:17:00.917525" elapsed="0.000544"/>
</kw>
<for flavor="IN">
<iter>
<kw name="Should Be Equal As Numbers" owner="BuiltIn">
<msg time="2026-09-18T03:17:00.919034" level="INFO">Argument types are:
&lt;class 'float'&gt;
&lt;class 'str'&gt;</msg>
<arg>${b}[value]</arg>
<arg>1</arg>
<arg>msg=${b}[labels][tenant] ${b}[labels][dc]: PE-CE eBGP down</arg>
<doc>Fails if objects are unequal after converting them to real numbers.</doc>
<status status="PASS" start="2026-09-18T03:17:00.918529" elapsed="0.000580"/>
</kw>
<var name="${b}">{'labels': {'lab': 'srv6-core', 'tenant': 'tenant-a', 'dc': 'dc1', 'pe': 'pe1', 'ce': 'ce1', 'external': ''}, 'value': 1.0}</var>
<status status="PASS" start="2026-09-18T03:17:00.918290" elapsed="0.000870"/>
</iter>
<iter>
<kw name="Should Be Equal As Numbers" owner="BuiltIn">
<msg time="2026-09-18T03:17:00.919996" level="INFO">Argument types are:
&lt;class 'float'&gt;
&lt;class 'str'&gt;</msg>
<arg>${b}[value]</arg>
<arg>1</arg>
<arg>msg=${b}[labels][tenant] ${b}[labels][dc]: PE-CE eBGP down</arg>
<doc>Fails if objects are unequal after converting them to real numbers.</doc>
<status status="PASS" start="2026-09-18T03:17:00.919403" elapsed="0.000671"/>
</kw>
<var name="${b}">{'labels': {'lab': 'srv6-core', 'tenant': 'tenant-a', 'dc': 'dc1', 'pe': 'pe1', 'ce': 'east-headend', 'external': 'cat8000v-ipsec'}, 'value': 1.0}</var>
<status status="PASS" start="2026-09-18T03:17:00.919269" elapsed="0.000857"/>
</iter>
<iter>
<kw name="Should Be Equal As Numbers" owner="BuiltIn">
<msg time="2026-09-18T03:17:00.921016" level="INFO">Argument types are:
&lt;class 'float'&gt;
&lt;class 'str'&gt;</msg>
<arg>${b}[value]</arg>
<arg>1</arg>
<arg>msg=${b}[labels][tenant] ${b}[labels][dc]: PE-CE eBGP down</arg>
<doc>Fails if objects are unequal after converting them to real numbers.</doc>
<status status="PASS" start="2026-09-18T03:17:00.920519" elapsed="0.000564"/>
</kw>
<var name="${b}">{'labels': {'lab': 'srv6-core', 'tenant': 'tenant-a', 'dc': 'dc2', 'pe': 'pe2', 'ce': 'ce2', 'external': ''}, 'value': 1.0}</var>
<status status="PASS" start="2026-09-18T03:17:00.920291" elapsed="0.000837"/>
</iter>
<iter>
<kw name="Should Be Equal As Numbers" owner="BuiltIn">
<msg time="2026-09-18T03:17:00.921958" level="INFO">Argument types are:
&lt;class 'float'&gt;
&lt;class 'str'&gt;</msg>
<arg>${b}[value]</arg>
<arg>1</arg>
<arg>msg=${b}[labels][tenant] ${b}[labels][dc]: PE-CE eBGP down</arg>
<doc>Fails if objects are unequal after converting them to real numbers.</doc>
<status status="PASS" start="2026-09-18T03:17:00.921364" elapsed="0.000665"/>
</kw>
<var name="${b}">{'labels': {'lab': 'srv6-core', 'tenant': 'tenant-a', 'dc': 'dc2', 'pe': 'pe2', 'ce': 'central-headend', 'external': 'cat8000v-ipsec'}, 'value': 1.0}</var>
<status status="PASS" start="2026-09-18T03:17:00.921230" elapsed="0.000848"/>
</iter>
<iter>
<kw name="Should Be Equal As Numbers" owner="BuiltIn">
<msg time="2026-09-18T03:17:00.922903" level="INFO">Argument types are:
&lt;class 'float'&gt;
&lt;class 'str'&gt;</msg>
<arg>${b}[value]</arg>
<arg>1</arg>
<arg>msg=${b}[labels][tenant] ${b}[labels][dc]: PE-CE eBGP down</arg>
<doc>Fails if objects are unequal after converting them to real numbers.</doc>
<status status="PASS" start="2026-09-18T03:17:00.922305" elapsed="0.000668"/>
</kw>
<var name="${b}">{'labels': {'lab': 'srv6-core', 'tenant': 'tenant-a', 'dc': 'dc3', 'pe': 'pe3', 'ce': 'ce3', 'external': ''}, 'value': 1.0}</var>
<status status="PASS" start="2026-09-18T03:17:00.922181" elapsed="0.000840"/>
</iter>
<iter>
<kw name="Should Be Equal As Numbers" owner="BuiltIn">
<msg time="2026-09-18T03:17:00.923742" level="INFO">Argument types are:
&lt;class 'float'&gt;
&lt;class 'str'&gt;</msg>
<arg>${b}[value]</arg>
<arg>1</arg>
<arg>msg=${b}[labels][tenant] ${b}[labels][dc]: PE-CE eBGP down</arg>
<doc>Fails if objects are unequal after converting them to real numbers.</doc>
<status status="PASS" start="2026-09-18T03:17:00.923243" elapsed="0.000590"/>
</kw>
<var name="${b}">{'labels': {'lab': 'srv6-core', 'tenant': 'tenant-a', 'dc': 'dc3', 'pe': 'pe3', 'ce': 'west-headend', 'external': 'cat8000v-ipsec'}, 'value': 1.0}</var>
<status status="PASS" start="2026-09-18T03:17:00.923119" elapsed="0.000763"/>
</iter>
<iter>
<kw name="Should Be Equal As Numbers" owner="BuiltIn">
<msg time="2026-09-18T03:17:00.924684" level="INFO">Argument types are:
&lt;class 'float'&gt;
&lt;class 'str'&gt;</msg>
<arg>${b}[value]</arg>
<arg>1</arg>
<arg>msg=${b}[labels][tenant] ${b}[labels][dc]: PE-CE eBGP down</arg>
<doc>Fails if objects are unequal after converting them to real numbers.</doc>
<status status="PASS" start="2026-09-18T03:17:00.924111" elapsed="0.000643"/>
</kw>
<var name="${b}">{'labels': {'lab': 'srv6-core', 'tenant': 'tenant-a', 'dc': 'dc4', 'pe': 'pe4', 'ce': 'ce4', 'external': ''}, 'value': 1.0}</var>
<status status="PASS" start="2026-09-18T03:17:00.923982" elapsed="0.000823"/>
</iter>
<iter>
<kw name="Should Be Equal As Numbers" owner="BuiltIn">
<msg time="2026-09-18T03:17:00.925411" level="INFO">Argument types are:
&lt;class 'float'&gt;
&lt;class 'str'&gt;</msg>
<arg>${b}[value]</arg>
<arg>1</arg>
<arg>msg=${b}[labels][tenant] ${b}[labels][dc]: PE-CE eBGP down</arg>
<doc>Fails if objects are unequal after converting them to real numbers.</doc>
<status status="PASS" start="2026-09-18T03:17:00.925038" elapsed="0.000699"/>
</kw>
<var name="${b}">{'labels': {'lab': 'srv6-core', 'tenant': 'tenant-b', 'dc': 'dc1', 'pe': 'pe1', 'ce': 'ce1', 'external': ''}, 'value': 1.0}</var>
<status status="PASS" start="2026-09-18T03:17:00.924907" elapsed="0.000881"/>
</iter>
<iter>
<kw name="Should Be Equal As Numbers" owner="BuiltIn">
<msg time="2026-09-18T03:17:00.926400" level="INFO">Argument types are:
&lt;class 'float'&gt;
&lt;class 'str'&gt;</msg>
<arg>${b}[value]</arg>
<arg>1</arg>
<arg>msg=${b}[labels][tenant] ${b}[labels][dc]: PE-CE eBGP down</arg>
<doc>Fails if objects are unequal after converting them to real numbers.</doc>
<status status="PASS" start="2026-09-18T03:17:00.926018" elapsed="0.000551"/>
</kw>
<var name="${b}">{'labels': {'lab': 'srv6-core', 'tenant': 'tenant-b', 'dc': 'dc2', 'pe': 'pe2', 'ce': 'ce2', 'external': ''}, 'value': 1.0}</var>
<status status="PASS" start="2026-09-18T03:17:00.925888" elapsed="0.000821"/>
</iter>
<iter>
<kw name="Should Be Equal As Numbers" owner="BuiltIn">
<msg time="2026-09-18T03:17:00.927331" level="INFO">Argument types are:
&lt;class 'float'&gt;
&lt;class 'str'&gt;</msg>
<arg>${b}[value]</arg>
<arg>1</arg>
<arg>msg=${b}[labels][tenant] ${b}[labels][dc]: PE-CE eBGP down</arg>
<doc>Fails if objects are unequal after converting them to real numbers.</doc>
<status status="PASS" start="2026-09-18T03:17:00.926944" elapsed="0.000452"/>
</kw>
<var name="${b}">{'labels': {'lab': 'srv6-core', 'tenant': 'tenant-b', 'dc': 'dc3', 'pe': 'pe3', 'ce': 'ce3', 'external': ''}, 'value': 1.0}</var>
<status status="PASS" start="2026-09-18T03:17:00.926814" elapsed="0.000721"/>
</iter>
<iter>
<kw name="Should Be Equal As Numbers" owner="BuiltIn">
<msg time="2026-09-18T03:17:00.928168" level="INFO">Argument types are:
&lt;class 'float'&gt;
&lt;class 'str'&gt;</msg>
<arg>${b}[value]</arg>
<arg>1</arg>
<arg>msg=${b}[labels][tenant] ${b}[labels][dc]: PE-CE eBGP down</arg>
<doc>Fails if objects are unequal after converting them to real numbers.</doc>
<status status="PASS" start="2026-09-18T03:17:00.927781" elapsed="0.000450"/>
</kw>
<var name="${b}">{'labels': {'lab': 'srv6-core', 'tenant': 'tenant-b', 'dc': 'dc4', 'pe': 'pe4', 'ce': 'ce4', 'external': ''}, 'value': 1.0}</var>
<status status="PASS" start="2026-09-18T03:17:00.927652" elapsed="0.000620"/>
</iter>
<var>${b}</var>
<value>@{bgp}</value>
<status status="PASS" start="2026-09-18T03:17:00.918139" elapsed="0.010177"/>
</for>
<kw name="Metric Samples" owner="LabLib">
<msg time="2026-09-18T03:17:00.929118" level="INFO">${up} = [{'labels': {'lab': 'srv6-core', 'node': 'pe1', 'role': 'pe'}, 'value': 2.0}, {'labels': {'lab': 'srv6-core', 'node': 'pe2', 'role': 'pe'}, 'value': 2.0}, {'labels': {'lab': 'srv6-core', 'node': 'pe3'...</msg>
<var>${up}</var>
<arg>${text}</arg>
<arg>lab_isis_adjacencies_up</arg>
<doc>Parse the samples of one metric from Prometheus text exposition: [{labels, value}].</doc>
<status status="PASS" start="2026-09-18T03:17:00.928624" elapsed="0.000530"/>
</kw>
<kw name="Metric Samples" owner="LabLib">
<msg time="2026-09-18T03:17:00.929937" level="INFO">${exp} = [{'labels': {'lab': 'srv6-core', 'node': 'pe1', 'role': 'pe'}, 'value': 2.0}, {'labels': {'lab': 'srv6-core', 'node': 'pe2', 'role': 'pe'}, 'value': 2.0}, {'labels': {'lab': 'srv6-core', 'node': 'pe3'...</msg>
<var>${exp}</var>
<arg>${text}</arg>
<arg>lab_isis_adjacencies_expected</arg>
<doc>Parse the samples of one metric from Prometheus text exposition: [{labels, value}].</doc>
<status status="PASS" start="2026-09-18T03:17:00.929280" elapsed="0.000693"/>
</kw>
<kw name="Length Should Be" owner="BuiltIn">
<msg time="2026-09-18T03:17:00.930939" level="INFO">Length is 7.</msg>
<arg>${up}</arg>
<arg>${{ len($CORE) }}</arg>
<doc>Verifies that the length of the given item is correct.</doc>
<status status="PASS" start="2026-09-18T03:17:00.930101" elapsed="0.001045"/>
</kw>
<for flavor="IN ZIP">
<iter>
<kw name="Should Be Equal As Numbers" owner="BuiltIn">
<arg>${u}[value]</arg>
<arg>${e}[value]</arg>
<arg>msg=${u}[labels][node]: ${u}[value] IS-IS adjacencies up, ${e}[value] expected</arg>
[...]
<status status="PASS" start="2026-09-18T03:17:00.985378" elapsed="0.002005"/>
</iter>
<iter>
<kw name="Should Be Equal As Numbers" owner="BuiltIn">
<msg time="2026-09-18T03:17:00.989895" level="INFO">Argument types are:
&lt;class 'float'&gt;
&lt;class 'str'&gt;</msg>
<arg>${h}[value]</arg>
<arg>1</arg>
<arg>msg=${h}[labels][host] unreachable</arg>
<doc>Fails if objects are unequal after converting them to real numbers.</doc>
<status status="PASS" start="2026-09-18T03:17:00.988306" elapsed="0.001752"/>
</kw>
<var name="${h}">{'labels': {'lab': 'srv6-core', 'host': 'dc4-h2', 'tenant': 'tenant-b', 'dc': 'dc4'}, 'value': 1.0}</var>
<status status="PASS" start="2026-09-18T03:17:00.987912" elapsed="0.002197"/>
</iter>
<var>${h}</var>
<value>@{hosts}</value>
<status status="PASS" start="2026-09-18T03:17:00.968407" elapsed="0.021914"/>
</for>
<status status="PASS" start="2026-09-18T03:17:00.879261" elapsed="0.111753"/>
</kw>
<arg>4 min</arg>
<arg>30 s</arg>
<arg>Portal Metrics Show Everything Up</arg>
<doc>Runs the specified keyword and retries if it fails.</doc>
<status status="PASS" start="2026-09-18T03:17:00.878577" elapsed="0.112512"/>
</kw>
<status status="PASS" start="2026-09-18T03:17:00.878229" elapsed="0.113169"/>
</test>
<test id="s1-t6" name="Prometheus scrapes every target of the lab successfully" line="56">
<kw name="Http Get" owner="LabLib">
<msg time="2026-09-18T03:17:01.028705" level="INFO">${targets} = {'status': 'success', 'data': {'activeTargets': [{'discoveredLabels': {'__address__': '10.2.0.1:8090', '__always_scrape_classic_histograms__': 'false', '__convert_classic_histograms_to_nhcb__': 'false...</msg>
<var>${targets}</var>
<arg>${PROMETHEUS}/api/v1/targets</arg>
<doc>GET a URL; returns the parsed JSON, or the text for non-JSON answers (Prometheus exposition).</doc>
<status status="PASS" start="2026-09-18T03:17:00.995059" elapsed="0.033705"/>
</kw>
<kw name="Evaluate" owner="BuiltIn">
<msg time="2026-09-18T03:17:01.030511" level="INFO">${lab} = [{'discoveredLabels': {'__address__': '10.3.0.13:9342', '__always_scrape_classic_histograms__': 'false', '__convert_classic_histograms_to_nhcb__': 'false', '__meta_url': 'http://10.3.0.1:8091/api/sd',...</msg>
<var>${lab}</var>
<arg>[t for t in $targets["data"]["activeTargets"] if t["labels"].get("lab") == "srv6-core"]</arg>
<doc>Evaluates the given expression in Python and returns the result.</doc>
<status status="PASS" start="2026-09-18T03:17:01.029136" elapsed="0.001420"/>
</kw>
<kw name="Evaluate" owner="BuiltIn">
<msg time="2026-09-18T03:17:01.031463" level="INFO">${expected} = 31</msg>
<var>${expected}</var>
<arg>2 * len($VYOS) + len($HOSTS) + 1</arg>
<doc>Evaluates the given expression in Python and returns the result.</doc>
<status status="PASS" start="2026-09-18T03:17:01.030859" elapsed="0.000640"/>
</kw>
<kw name="Length Should Be" owner="BuiltIn">
<msg time="2026-09-18T03:17:01.032377" level="INFO">Length is 31.</msg>
<arg>${lab}</arg>
<arg>${expected}</arg>
<arg>msg=Prometheus has ${{ len($lab) }} srv6-core targets, expected ${expected}</arg>
<doc>Verifies that the length of the given item is correct.</doc>
<status status="PASS" start="2026-09-18T03:17:01.031631" elapsed="0.000902"/>
</kw>
<kw name="Evaluate" owner="BuiltIn">
<msg time="2026-09-18T03:17:01.033299" level="INFO">${down} = []</msg>
<var>${down}</var>
<arg>[t["scrapeUrl"] + " " + t["lastError"] for t in $lab if t["health"] != "up"]</arg>
<doc>Evaluates the given expression in Python and returns the result.</doc>
<status status="PASS" start="2026-09-18T03:17:01.032786" elapsed="0.000545"/>
</kw>
<kw name="Should Be Empty" owner="BuiltIn">
<msg time="2026-09-18T03:17:01.033869" level="INFO">Length is 0.</msg>
<arg>${down}</arg>
<arg>msg=targets not up: ${down}</arg>
<doc>Verifies that the given item is empty.</doc>
<status status="PASS" start="2026-09-18T03:17:01.033552" elapsed="0.000366"/>
</kw>
<status status="PASS" start="2026-09-18T03:17:00.992321" elapsed="0.041698"/>
</test>
<test id="s1-t7" name="Prometheus has the alert rules loaded and none of the lab's alerts firing" line="64">
<kw name="Http Get" owner="LabLib">
<msg time="2026-09-18T03:17:01.038572" level="INFO">${rules} = {'status': 'success', 'data': {'groups': [{'name': 'lab-exporters', 'file': '/etc/prometheus/alerts.yml', 'rules': [{'state': 'inactive', 'name': 'ExporterDown', 'query': '(up{job=~"node|frr"} == 0) a...</msg>
<var>${rules}</var>
<arg>${PROMETHEUS}/api/v1/rules</arg>
<doc>GET a URL; returns the parsed JSON, or the text for non-JSON answers (Prometheus exposition).</doc>
<status status="PASS" start="2026-09-18T03:17:01.034615" elapsed="0.004011"/>
</kw>
<kw name="Evaluate" owner="BuiltIn">
<msg time="2026-09-18T03:17:01.039590" level="INFO">${names} = ['ExporterDown', 'PortalDown', 'PortalCollectorStale', 'NodeHighCpu', 'NodeLowMemory', 'NodeDiskFull', 'TenantHostUnreachable', 'TenantSiteBgpDown', 'TenantDegraded', 'IsisAdjacencyMissing', 'BfdSessi...</msg>
<var>${names}</var>
<arg>[r["name"] for g in $rules["data"]["groups"] for r in g["rules"]]</arg>
<doc>Evaluates the given expression in Python and returns the result.</doc>
<status status="PASS" start="2026-09-18T03:17:01.038800" elapsed="0.000831"/>
</kw>
<for flavor="IN">
<iter>
<kw name="Should Contain" owner="BuiltIn">
<arg>${names}</arg>
<arg>${a}</arg>
<arg>msg=alert rule ${a} not loaded</arg>
<doc>Fails if the `container` does not contain the `item` one or more times.</doc>
<status status="PASS" start="2026-09-18T03:17:01.039956" elapsed="0.000384"/>
</kw>
<var name="${a}">ExporterDown</var>
<status status="PASS" start="2026-09-18T03:17:01.039838" elapsed="0.000541"/>
</iter>
<iter>
<kw name="Should Contain" owner="BuiltIn">
<arg>${names}</arg>
<arg>${a}</arg>
<arg>msg=alert rule ${a} not loaded</arg>
<doc>Fails if the `container` does not contain the `item` one or more times.</doc>
<status status="PASS" start="2026-09-18T03:17:01.040569" elapsed="0.000361"/>
</kw>
<var name="${a}">TenantHostUnreachable</var>
<status status="PASS" start="2026-09-18T03:17:01.040464" elapsed="0.000505"/>
</iter>
<iter>
<kw name="Should Contain" owner="BuiltIn">
<arg>${names}</arg>
<arg>${a}</arg>
<arg>msg=alert rule ${a} not loaded</arg>
<doc>Fails if the `container` does not contain the `item` one or more times.</doc>
<status status="PASS" start="2026-09-18T03:17:01.041150" elapsed="0.000309"/>
</kw>
<var name="${a}">TenantSiteBgpDown</var>
<status status="PASS" start="2026-09-18T03:17:01.041046" elapsed="0.000447"/>
</iter>
<iter>
<kw name="Should Contain" owner="BuiltIn">
<arg>${names}</arg>
<arg>${a}</arg>
<arg>msg=alert rule ${a} not loaded</arg>
<doc>Fails if the `container` does not contain the `item` one or more times.</doc>
<status status="PASS" start="2026-09-18T03:17:01.042361" elapsed="0.000362"/>
</kw>
<var name="${a}">TenantDegraded</var>
<status status="PASS" start="2026-09-18T03:17:01.041569" elapsed="0.001192"/>
</iter>
<iter>
<kw name="Should Contain" owner="BuiltIn">
<arg>${names}</arg>
<arg>${a}</arg>
<arg>msg=alert rule ${a} not loaded</arg>
<doc>Fails if the `container` does not contain the `item` one or more times.</doc>
<status status="PASS" start="2026-09-18T03:17:01.042939" elapsed="0.000318"/>
</kw>
<var name="${a}">IsisAdjacencyMissing</var>
<status status="PASS" start="2026-09-18T03:17:01.042842" elapsed="0.000453"/>
</iter>
<iter>
<kw name="Should Contain" owner="BuiltIn">
<arg>${names}</arg>
<arg>${a}</arg>
<arg>msg=alert rule ${a} not loaded</arg>
<doc>Fails if the `container` does not contain the `item` one or more times.</doc>
<status status="PASS" start="2026-09-18T03:17:01.043466" elapsed="0.000312"/>
</kw>
<var name="${a}">BfdSessionDown</var>
<status status="PASS" start="2026-09-18T03:17:01.043368" elapsed="0.000450"/>
</iter>
<iter>
<kw name="Should Contain" owner="BuiltIn">
<arg>${names}</arg>
<arg>${a}</arg>
<arg>msg=alert rule ${a} not loaded</arg>
<doc>Fails if the `container` does not contain the `item` one or more times.</doc>
<status status="PASS" start="2026-09-18T03:17:01.043983" elapsed="0.000300"/>
</kw>
<var name="${a}">VpnV4SessionDown</var>
<status status="PASS" start="2026-09-18T03:17:01.043885" elapsed="0.000437"/>
</iter>
<iter>
<kw name="Should Contain" owner="BuiltIn">
<arg>${names}</arg>
<arg>${a}</arg>
<arg>msg=alert rule ${a} not loaded</arg>
<doc>Fails if the `container` does not contain the `item` one or more times.</doc>
<status status="PASS" start="2026-09-18T03:17:01.044480" elapsed="0.000304"/>
</kw>
<var name="${a}">LabTestsFailed</var>
<status status="PASS" start="2026-09-18T03:17:01.044387" elapsed="0.000435"/>
</iter>
<var>${a}</var>
<value>ExporterDown</value>
<value>TenantHostUnreachable</value>
<value>TenantSiteBgpDown</value>
<value>TenantDegraded</value>
<value>IsisAdjacencyMissing</value>
<value>BfdSessionDown</value>
<value>VpnV4SessionDown</value>
<value>LabTestsFailed</value>
<status status="PASS" start="2026-09-18T03:17:01.039702" elapsed="0.005147"/>
</for>
<kw name="Wait Until Keyword Succeeds" owner="BuiltIn">
<kw name="No Lab Alert Firing">
<kw name="Http Get" owner="LabLib">
<msg time="2026-09-18T03:17:01.062445" level="INFO">${rules} = {'status': 'success', 'data': {'groups': [{'name': 'lab-exporters', 'file': '/etc/prometheus/alerts.yml', 'rules': [{'state': 'inactive', 'name': 'ExporterDown', 'query': '(up{job=~"node|frr"} == 0) a...</msg>
<var>${rules}</var>
<arg>${PROMETHEUS}/api/v1/rules</arg>
<doc>GET a URL; returns the parsed JSON, or the text for non-JSON answers (Prometheus exposition).</doc>
<status status="PASS" start="2026-09-18T03:17:01.046185" elapsed="0.016481"/>
</kw>
<kw name="Evaluate" owner="BuiltIn">
<msg time="2026-09-18T03:17:01.064132" level="INFO">${firing} = []</msg>
<var>${firing}</var>
<arg>[r["name"] for g in $rules["data"]["groups"] for r in g["rules"] if r.get("state") == "firing" and any(a["labels"].get("lab") == "srv6-core" for a in r.get("alerts", []))]</arg>
<doc>Evaluates the given expression in Python and returns the result.</doc>
<status status="PASS" start="2026-09-18T03:17:01.063019" elapsed="0.001148"/>
</kw>
<kw name="Should Be Empty" owner="BuiltIn">
<msg time="2026-09-18T03:17:01.064851" level="INFO">Length is 0.</msg>
<arg>${firing}</arg>
<arg>msg=alerts firing for srv6-core: ${firing}</arg>
<doc>Verifies that the given item is empty.</doc>
<status status="PASS" start="2026-09-18T03:17:01.064388" elapsed="0.000515"/>
</kw>
<status status="PASS" start="2026-09-18T03:17:01.045430" elapsed="0.019637"/>
</kw>
<arg>6 min</arg>
<arg>30 s</arg>
<arg>No Lab Alert Firing</arg>
<doc>Runs the specified keyword and retries if it fails.</doc>
<status status="PASS" start="2026-09-18T03:17:01.045001" elapsed="0.020114"/>
</kw>
<status status="PASS" start="2026-09-18T03:17:01.034210" elapsed="0.031102"/>
</test>
<test id="s1-t8" name="VictoriaMetrics holds the series remote-written by Prometheus" line="72">
<kw name="Prometheus Query" owner="LabLib">
<msg time="2026-09-18T03:17:01.170832" level="INFO">${up} = [{'labels': {}, 'value': 31.0}]</msg>
<var>${up}</var>
<arg>${VICTORIAMETRICS}</arg>
<arg>count(up{lab="srv6-core"} == 1)</arg>
<doc>Instant query against a Prometheus-compatible API (Prometheus or VictoriaMetrics); returns the result vector
as a list of {labels, value}.</doc>
<status status="PASS" start="2026-09-18T03:17:01.065905" elapsed="0.104978"/>
</kw>
<kw name="Evaluate" owner="BuiltIn">
<msg time="2026-09-18T03:17:01.172792" level="INFO">${expected} = 31</msg>
<var>${expected}</var>
<arg>2 * len($VYOS) + len($HOSTS) + 1</arg>
<doc>Evaluates the given expression in Python and returns the result.</doc>
<status status="PASS" start="2026-09-18T03:17:01.171579" elapsed="0.001252"/>
</kw>
<kw name="Should Be Equal As Numbers" owner="BuiltIn">
<msg time="2026-09-18T03:17:01.181899" level="INFO">Argument types are:
&lt;class 'float'&gt;
&lt;class 'int'&gt;</msg>
<arg>${up}[0][value]</arg>
<arg>${expected}</arg>
<arg>msg=VictoriaMetrics sees ${up}[0][value] srv6-core targets up</arg>
<doc>Fails if objects are unequal after converting them to real numbers.</doc>
<status status="PASS" start="2026-09-18T03:17:01.173011" elapsed="0.009650"/>
</kw>
<kw name="Prometheus Query" owner="LabLib">
<msg time="2026-09-18T03:17:01.211083" level="INFO">${health} = [{'labels': {'__name__': 'lab_tenant_health', 'exported_lab': 'srv6-core', 'instance': '10.3.0.1:8091', 'job': 'portal', 'lab': 'srv6-core', 'role': 'portal', 'site': 'nms', 'sites': '7', 'tenant': 't...</msg>
<var>${health}</var>
<arg>${VICTORIAMETRICS}</arg>
<arg>lab_tenant_health{lab="srv6-core"}</arg>
<doc>Instant query against a Prometheus-compatible API (Prometheus or VictoriaMetrics); returns the result vector
as a list of {labels, value}.</doc>
<status status="PASS" start="2026-09-18T03:17:01.183140" elapsed="0.027995"/>
</kw>
<kw name="Length Should Be" owner="BuiltIn">
<msg time="2026-09-18T03:17:01.212543" level="INFO">Length is 2.</msg>
<arg>${health}</arg>
<arg>${{ len($TENANTS) }}</arg>
<doc>Verifies that the length of the given item is correct.</doc>
<status status="PASS" start="2026-09-18T03:17:01.211322" elapsed="0.001297"/>
</kw>
<kw name="Prometheus Query" owner="LabLib">
<msg time="2026-09-18T03:17:01.289512" level="INFO">${bgp} = [{'labels': {}, 'value': 19.0}]</msg>
<var>${bgp}</var>
<arg>${VICTORIAMETRICS}</arg>
<arg>count(frr_bgp_peer_state{lab="srv6-core",role="pe"} == 1)</arg>
<doc>Instant query against a Prometheus-compatible API (Prometheus or VictoriaMetrics); returns the result vector
as a list of {labels, value}.</doc>
<status status="PASS" start="2026-09-18T03:17:01.212863" elapsed="0.076702"/>
</kw>
<kw name="Evaluate" owner="BuiltIn">
<msg time="2026-09-18T03:17:01.290431" level="INFO">${expected} = 19</msg>
<var>${expected}</var>
<arg>len($PES) * (len($RRS) + len($TENANTS)) + len($EXT_SITES)</arg>
<doc>Evaluates the given expression in Python and returns the result.</doc>
<status status="PASS" start="2026-09-18T03:17:01.289793" elapsed="0.000671"/>
</kw>
<kw name="Should Be Equal As Numbers" owner="BuiltIn">
<msg time="2026-09-18T03:17:01.291028" level="INFO">Argument types are:
&lt;class 'float'&gt;
&lt;class 'int'&gt;</msg>
<arg>${bgp}[0][value]</arg>
<arg>${expected}</arg>
<arg>msg=${bgp}[0][value] Established PE BGP sessions in VictoriaMetrics, expected ${expected}</arg>
<doc>Fails if objects are unequal after converting them to real numbers.</doc>
<status status="PASS" start="2026-09-18T03:17:01.290650" elapsed="0.000449"/>
</kw>
<status status="PASS" start="2026-09-18T03:17:01.065496" elapsed="0.225741"/>
</test>
<test id="s1-t9" name="Grafana is healthy and serves the provisioned dashboards" line="82">
<kw name="Http Get" owner="LabLib">
<msg time="2026-09-18T03:17:01.297039" level="INFO">${health} = {'database': 'ok', 'version': '13.0.2', 'commit': '3fcdbc5a'}</msg>
<var>${health}</var>
<arg>${GRAFANA}/api/health</arg>
<doc>GET a URL; returns the parsed JSON, or the text for non-JSON answers (Prometheus exposition).</doc>
<status status="PASS" start="2026-09-18T03:17:01.293028" elapsed="0.004063"/>
</kw>
<kw name="Should Be Equal" owner="BuiltIn">
<arg>${health}[database]</arg>
<arg>ok</arg>
<doc>Fails if the given objects are unequal.</doc>
<status status="PASS" start="2026-09-18T03:17:01.297324" elapsed="0.000458"/>
</kw>
<kw name="Http Get" owner="LabLib">
<msg time="2026-09-18T03:17:01.571697" level="INFO">${dash} = [{'id': 1865447184990208, 'uid': 'lab-node-detail', 'orgId': 1, 'title': 'Lab node detail', 'uri': 'db/lab-node-detail', 'url': '/d/lab-node-detail/lab-node-detail', 'slug': '', 'type': 'dash-db', 'ta...</msg>
<var>${dash}</var>
<arg>${GRAFANA}/api/search</arg>
<arg>type=dash-db</arg>
<doc>GET a URL; returns the parsed JSON, or the text for non-JSON answers (Prometheus exposition).</doc>
<status status="PASS" start="2026-09-18T03:17:01.297900" elapsed="0.273846"/>
</kw>
<kw name="Evaluate" owner="BuiltIn">
<msg time="2026-09-18T03:17:01.572484" level="INFO">${uids} = ['lab-node-detail', 'labs-fleet', 'srv6-core-overview']</msg>
<var>${uids}</var>
<arg>[d["uid"] for d in $dash]</arg>
<doc>Evaluates the given expression in Python and returns the result.</doc>
<status status="PASS" start="2026-09-18T03:17:01.571954" elapsed="0.000563"/>
</kw>
<for flavor="IN">
<iter>
<kw name="Should Contain" owner="BuiltIn">
<arg>${uids}</arg>
<arg>${uid}</arg>
<arg>msg=dashboard ${uid} not provisioned</arg>
<doc>Fails if the `container` does not contain the `item` one or more times.</doc>
<status status="PASS" start="2026-09-18T03:17:01.572842" elapsed="0.000378"/>
</kw>
<var name="${uid}">srv6-core-overview</var>
<status status="PASS" start="2026-09-18T03:17:01.572721" elapsed="0.000552"/>
</iter>
<iter>
<kw name="Should Contain" owner="BuiltIn">
<arg>${uids}</arg>
<arg>${uid}</arg>
<arg>msg=dashboard ${uid} not provisioned</arg>
<doc>Fails if the `container` does not contain the `item` one or more times.</doc>
<status status="PASS" start="2026-09-18T03:17:01.573466" elapsed="0.000371"/>
</kw>
<var name="${uid}">lab-node-detail</var>
<status status="PASS" start="2026-09-18T03:17:01.573358" elapsed="0.000520"/>
</iter>
<iter>
<kw name="Should Contain" owner="BuiltIn">
<arg>${uids}</arg>
<arg>${uid}</arg>
<arg>msg=dashboard ${uid} not provisioned</arg>
<doc>Fails if the `container` does not contain the `item` one or more times.</doc>
<status status="PASS" start="2026-09-18T03:17:01.574065" elapsed="0.000341"/>
</kw>
<var name="${uid}">labs-fleet</var>
<status status="PASS" start="2026-09-18T03:17:01.573964" elapsed="0.000484"/>
</iter>
<var>${uid}</var>
<value>srv6-core-overview</value>
<value>lab-node-detail</value>
<value>labs-fleet</value>
<status status="PASS" start="2026-09-18T03:17:01.572581" elapsed="0.001906"/>
</for>
<kw name="Http Get" owner="LabLib">
<msg time="2026-09-18T03:17:01.695367" level="INFO">${d} = {'meta': {'type': 'db', 'canSave': False, 'canEdit': False, 'canAdmin': False, 'canStar': False, 'canDelete': False, 'slug': 'srv6-core3a-overview', 'url': '/d/srv6-core-overview/srv6-core3a-overview'...</msg>
<var>${d}</var>
<arg>${GRAFANA}/api/dashboards/uid/srv6-core-overview</arg>
<doc>GET a URL; returns the parsed JSON, or the text for non-JSON answers (Prometheus exposition).</doc>
<status status="PASS" start="2026-09-18T03:17:01.574598" elapsed="0.120830"/>
</kw>
<kw name="Evaluate" owner="BuiltIn">
<msg time="2026-09-18T03:17:01.696721" level="INFO">${panels} = [{'datasource': {'type': 'prometheus', 'uid': 'victoriametrics'}, 'fieldConfig': {'defaults': {'mappings': [{'options': {'0': {'color': 'red', 'text': 'down'}, '1': {'color': 'orange', 'text': 'degrad...</msg>
<var>${panels}</var>
<arg>[p for p in $d["dashboard"]["panels"] if p["type"] != "row"]</arg>
<doc>Evaluates the given expression in Python and returns the result.</doc>
<status status="PASS" start="2026-09-18T03:17:01.695702" elapsed="0.001065"/>
</kw>
<kw name="Should Be True" owner="BuiltIn">
<arg>len($panels) &gt;= 15</arg>
<doc>Fails if the given condition is not true.</doc>
<status status="PASS" start="2026-09-18T03:17:01.696959" elapsed="0.000471"/>
</kw>
<status status="PASS" start="2026-09-18T03:17:01.291475" elapsed="0.406097"/>
</test>
<doc>Monitoring: node-exporter and frr-exporter answer on every VyOS node, node-exporter on every tenant host,
the portal exposes /metrics and /api/sd, and the Prometheus / VictoriaMetrics / Grafana stack on the NMS
(lab-portal/monitoring) scrapes every target, evaluates the alert rules and serves the dashboards.
Set PROMETHEUS / VICTORIAMETRICS / GRAFANA to other URLs if the stack runs elsewhere.</doc>
<status status="PASS" start="2026-09-18T03:16:54.904767" elapsed="6.793364"/>
</suite>
<statistics>
<total>
<stat pass="9" fail="0" skip="0">All Tests</stat>
</total>
<tag>
</tag>
<suite>
<stat name="srv6 core lab" id="s1" pass="9" fail="0" skip="0">srv6 core lab</stat>
</suite>
</statistics>
<errors>
</errors>
</robot>
